#! /home1/c/cis5710/tools/bin/vvp
:ivl_version "11.0 (stable)" "(v11_0)";
:ivl_delay_selection "TYPICAL";
:vpi_time_precision - 12;
:vpi_module "/home1/c/cis5710/tools/lib/ivl/system.vpi";
:vpi_module "/home1/c/cis5710/tools/lib/ivl/vhdl_sys.vpi";
:vpi_module "/home1/c/cis5710/tools/lib/ivl/vhdl_textio.vpi";
:vpi_module "/home1/c/cis5710/tools/lib/ivl/v2005_math.vpi";
:vpi_module "/home1/c/cis5710/tools/lib/ivl/va_math.vpi";
S_0xee1830 .scope module, "test_regfile" "test_regfile" 2 16;
 .timescale -9 -12;
v0xf56f20_0 .var "clk", 0 0;
v0xf56fe0_0 .var/i "errors", 31 0;
v0xf570c0_0 .var "expected_rs_A", 15 0;
v0xf571b0_0 .var "expected_rs_B", 15 0;
v0xf57290_0 .var "expected_rt_A", 15 0;
v0xf57370_0 .var "expected_rt_B", 15 0;
v0xf57450_0 .var "gwe", 0 0;
v0xf574f0_0 .var/i "input_file", 31 0;
v0xf575d0_0 .var/i "output_file", 31 0;
v0xf576b0_0 .var "rd_A", 2 0;
v0xf57770_0 .var "rd_B", 2 0;
v0xf57840_0 .var "rs_A", 2 0;
v0xf578e0_0 .var "rs_B", 2 0;
v0xf579f0_0 .net "rs_data_A", 15 0, L_0xf7e6e0;  1 drivers
v0xf57ab0_0 .net "rs_data_B", 15 0, L_0xf7f380;  1 drivers
v0xf57b50_0 .var "rst", 0 0;
v0xf57bf0_0 .var "rt_A", 2 0;
v0xf57df0_0 .var "rt_B", 2 0;
v0xf57f00_0 .net "rt_data_A", 15 0, L_0xf80070;  1 drivers
v0xf57fc0_0 .net "rt_data_B", 15 0, L_0xf80db0;  1 drivers
v0xf58060_0 .var/i "tests", 31 0;
v0xf58120_0 .var "wdata_A", 15 0;
v0xf58210_0 .var "wdata_B", 15 0;
v0xf582e0_0 .var "wen_A", 0 0;
v0xf583b0_0 .var "wen_B", 0 0;
S_0xebe750 .scope task, "printPoints" "printPoints" 3 1, 3 1 0, S_0xee1830;
 .timescale -9 -12;
v0xee7580_0 .var "actual", 31 0;
v0xee6510_0 .var "possible", 31 0;
TD_test_regfile.printPoints ;
    %vpi_call 3 4 "$display", "<scorePossible>%d</scorePossible>", v0xee6510_0 {0 0 0};
    %vpi_call 3 5 "$display", "<scoreActual>%d</scoreActual>", v0xee7580_0 {0 0 0};
    %end;
S_0xf37cf0 .scope module, "regfile_ss" "lc4_regfile_ss" 2 54, 4 18 0, S_0xee1830;
 .timescale -9 -12;
    .port_info 0 /INPUT 1 "clk";
    .port_info 1 /INPUT 1 "gwe";
    .port_info 2 /INPUT 1 "rst";
    .port_info 3 /INPUT 3 "i_rs_A";
    .port_info 4 /OUTPUT 16 "o_rs_data_A";
    .port_info 5 /INPUT 3 "i_rt_A";
    .port_info 6 /OUTPUT 16 "o_rt_data_A";
    .port_info 7 /INPUT 3 "i_rs_B";
    .port_info 8 /OUTPUT 16 "o_rs_data_B";
    .port_info 9 /INPUT 3 "i_rt_B";
    .port_info 10 /OUTPUT 16 "o_rt_data_B";
    .port_info 11 /INPUT 3 "i_rd_A";
    .port_info 12 /INPUT 16 "i_wdata_A";
    .port_info 13 /INPUT 1 "i_rd_we_A";
    .port_info 14 /INPUT 3 "i_rd_B";
    .port_info 15 /INPUT 16 "i_wdata_B";
    .port_info 16 /INPUT 1 "i_rd_we_B";
P_0xe4ee60 .param/l "REG_NUM" 0 4 43, +C4<00000000000000000000000000001000>;
P_0xe4eea0 .param/l "REG_WIDTH" 0 4 18, +C4<00000000000000000000000000010000>;
L_0xee63f0 .functor AND 1, L_0xf584b0, v0xf583b0_0, C4<1>, C4<1>;
L_0xee5380 .functor AND 1, L_0xf586c0, v0xf582e0_0, C4<1>, C4<1>;
L_0xee4310 .functor AND 1, L_0xf68c50, v0xf583b0_0, C4<1>, C4<1>;
L_0xee32a0 .functor AND 1, L_0xf68de0, v0xf582e0_0, C4<1>, C4<1>;
L_0xf1dca0 .functor AND 1, L_0xf69280, v0xf583b0_0, C4<1>, C4<1>;
L_0xf1de10 .functor AND 1, L_0xf69370, v0xf582e0_0, C4<1>, C4<1>;
L_0xf1de80 .functor AND 1, L_0xf69860, v0xf583b0_0, C4<1>, C4<1>;
L_0xf69710 .functor AND 1, L_0xf69950, v0xf582e0_0, C4<1>, C4<1>;
L_0xf69fb0 .functor AND 1, L_0xf69ec0, v0xf583b0_0, C4<1>, C4<1>;
L_0xf6a200 .functor AND 1, L_0xf6a070, v0xf582e0_0, C4<1>, C4<1>;
L_0xf6a6a0 .functor AND 1, L_0xf6a160, v0xf583b0_0, C4<1>, C4<1>;
L_0xf6aa20 .functor AND 1, L_0xf6a870, v0xf582e0_0, C4<1>, C4<1>;
L_0xf6b0f0 .functor AND 1, L_0xf6aef0, v0xf583b0_0, C4<1>, C4<1>;
L_0xf6b5a0 .functor AND 1, L_0xf6b2c0, v0xf582e0_0, C4<1>, C4<1>;
L_0xf6aae0 .functor AND 1, L_0xf6bdd0, v0xf583b0_0, C4<1>, C4<1>;
L_0xf6c0b0 .functor AND 1, L_0xf6bec0, v0xf582e0_0, C4<1>, C4<1>;
L_0xf6ca20 .functor AND 16, L_0xf6c6d0, L_0xf6c930, C4<1111111111111111>, C4<1111111111111111>;
L_0xf6cfd0 .functor AND 16, L_0xf6c7c0, L_0xf6cda0, C4<1111111111111111>, C4<1111111111111111>;
L_0xf6c170 .functor OR 16, L_0xf6ca20, L_0xf6cfd0, C4<0000000000000000>, C4<0000000000000000>;
L_0xf6d690 .functor AND 16, L_0xf6d310, L_0xf6d5a0, C4<1111111111111111>, C4<1111111111111111>;
L_0xf6dda0 .functor AND 16, L_0xf6da00, L_0xf6db40, C4<1111111111111111>, C4<1111111111111111>;
L_0xf6deb0 .functor OR 16, L_0xf6d690, L_0xf6dda0, C4<0000000000000000>, C4<0000000000000000>;
L_0xf6e520 .functor AND 16, L_0xf6e170, L_0xf6e430, C4<1111111111111111>, C4<1111111111111111>;
L_0xf6ec80 .functor AND 16, L_0xf6e8b0, L_0xf6e9f0, C4<1111111111111111>, C4<1111111111111111>;
L_0xf6ee60 .functor OR 16, L_0xf6e520, L_0xf6ec80, C4<0000000000000000>, C4<0000000000000000>;
L_0xf6f440 .functor AND 16, L_0xf6f060, L_0xf6f350, C4<1111111111111111>, C4<1111111111111111>;
L_0xf6fce0 .functor AND 16, L_0xf6f8e0, L_0xf6fa20, C4<1111111111111111>, C4<1111111111111111>;
L_0xf6fdf0 .functor OR 16, L_0xf6f440, L_0xf6fce0, C4<0000000000000000>, C4<0000000000000000>;
L_0xf704f0 .functor AND 16, L_0xf700e0, L_0xf70400, C4<1111111111111111>, C4<1111111111111111>;
L_0xf70d10 .functor AND 16, L_0xf708e0, L_0xf70a20, C4<1111111111111111>, C4<1111111111111111>;
L_0xf70f20 .functor OR 16, L_0xf704f0, L_0xf70d10, C4<0000000000000000>, C4<0000000000000000>;
L_0xf71560 .functor AND 16, L_0xf71120, L_0xf71470, C4<1111111111111111>, C4<1111111111111111>;
L_0xf71ef0 .functor AND 16, L_0xf71a90, L_0xf71bd0, C4<1111111111111111>, C4<1111111111111111>;
L_0xf72000 .functor OR 16, L_0xf71560, L_0xf71ef0, C4<0000000000000000>, C4<0000000000000000>;
L_0xf729a0 .functor AND 16, L_0xf72320, L_0xf726a0, C4<1111111111111111>, C4<1111111111111111>;
L_0xf73490 .functor AND 16, L_0xf73000, L_0xf73140, C4<1111111111111111>, C4<1111111111111111>;
L_0xf72110 .functor OR 16, L_0xf729a0, L_0xf73490, C4<0000000000000000>, C4<0000000000000000>;
L_0xf73c60 .functor AND 16, L_0xf737c0, L_0xf73b70, C4<1111111111111111>, C4<1111111111111111>;
L_0xf746e0 .functor AND 16, L_0xf74220, L_0xf74360, C4<1111111111111111>, C4<1111111111111111>;
L_0xf747f0 .functor OR 16, L_0xf73c60, L_0xf746e0, C4<0000000000000000>, C4<0000000000000000>;
L_0xf7df90 .functor AND 1, L_0xf7def0, v0xf583b0_0, C4<1>, C4<1>;
L_0xf7e3d0 .functor AND 1, L_0xf7e050, v0xf582e0_0, C4<1>, C4<1>;
L_0xf7ec00 .functor AND 1, L_0xf7eb60, v0xf583b0_0, C4<1>, C4<1>;
L_0xf7f060 .functor AND 1, L_0xf7ecc0, v0xf582e0_0, C4<1>, C4<1>;
L_0xf7f8c0 .functor AND 1, L_0xf7f820, v0xf583b0_0, C4<1>, C4<1>;
L_0xf7fd40 .functor AND 1, L_0xf7f980, v0xf582e0_0, C4<1>, C4<1>;
L_0xf805d0 .functor AND 1, L_0xf80530, v0xf583b0_0, C4<1>, C4<1>;
L_0xf80a70 .functor AND 1, L_0xf80690, v0xf582e0_0, C4<1>, C4<1>;
L_0x7fd57ad5f018 .functor BUFT 1, C4<000>, C4<0>, C4<0>, C4<0>;
v0xf49390_0 .net/2u *"_ivl_0", 2 0, L_0x7fd57ad5f018;  1 drivers
v0xf49490_0 .net *"_ivl_10", 0 0, L_0xee5380;  1 drivers
v0xf49570_0 .net *"_ivl_100", 0 0, L_0xf6aa20;  1 drivers
L_0x7fd57ad5f4e0 .functor BUFT 1, C4<0000000000000101>, C4<0>, C4<0>, C4<0>;
v0xf49630_0 .net/2u *"_ivl_102", 15 0, L_0x7fd57ad5f4e0;  1 drivers
v0xf49710_0 .net *"_ivl_104", 15 0, L_0xf6ab50;  1 drivers
L_0x7fd57ad5f528 .functor BUFT 1, C4<110>, C4<0>, C4<0>, C4<0>;
v0xf497f0_0 .net/2u *"_ivl_108", 2 0, L_0x7fd57ad5f528;  1 drivers
v0xf498d0_0 .net *"_ivl_110", 0 0, L_0xf6aef0;  1 drivers
v0xf49990_0 .net *"_ivl_112", 0 0, L_0xf6b0f0;  1 drivers
L_0x7fd57ad5f570 .functor BUFT 1, C4<110>, C4<0>, C4<0>, C4<0>;
v0xf49a70_0 .net/2u *"_ivl_114", 2 0, L_0x7fd57ad5f570;  1 drivers
v0xf49be0_0 .net *"_ivl_116", 0 0, L_0xf6b2c0;  1 drivers
v0xf49ca0_0 .net *"_ivl_118", 0 0, L_0xf6b5a0;  1 drivers
L_0x7fd57ad5f0a8 .functor BUFT 1, C4<0000000000000000>, C4<0>, C4<0>, C4<0>;
v0xf49d80_0 .net/2u *"_ivl_12", 15 0, L_0x7fd57ad5f0a8;  1 drivers
L_0x7fd57ad5f5b8 .functor BUFT 1, C4<0000000000000110>, C4<0>, C4<0>, C4<0>;
v0xf49e60_0 .net/2u *"_ivl_120", 15 0, L_0x7fd57ad5f5b8;  1 drivers
v0xf49f40_0 .net *"_ivl_122", 15 0, L_0xf6b7f0;  1 drivers
L_0x7fd57ad5f600 .functor BUFT 1, C4<111>, C4<0>, C4<0>, C4<0>;
v0xf4a020_0 .net/2u *"_ivl_126", 2 0, L_0x7fd57ad5f600;  1 drivers
v0xf4a100_0 .net *"_ivl_128", 0 0, L_0xf6bdd0;  1 drivers
v0xf4a1c0_0 .net *"_ivl_130", 0 0, L_0xf6aae0;  1 drivers
L_0x7fd57ad5f648 .functor BUFT 1, C4<111>, C4<0>, C4<0>, C4<0>;
v0xf4a2a0_0 .net/2u *"_ivl_132", 2 0, L_0x7fd57ad5f648;  1 drivers
v0xf4a380_0 .net *"_ivl_134", 0 0, L_0xf6bec0;  1 drivers
v0xf4a440_0 .net *"_ivl_136", 0 0, L_0xf6c0b0;  1 drivers
L_0x7fd57ad5f690 .functor BUFT 1, C4<0000000000000111>, C4<0>, C4<0>, C4<0>;
v0xf4a520_0 .net/2u *"_ivl_138", 15 0, L_0x7fd57ad5f690;  1 drivers
v0xf4a600_0 .net *"_ivl_14", 15 0, L_0xf688b0;  1 drivers
v0xf4a6e0_0 .net *"_ivl_140", 15 0, L_0xf6c200;  1 drivers
L_0x7fd57ad5f6d8 .functor BUFT 1, C4<000>, C4<0>, C4<0>, C4<0>;
v0xf4a7c0_0 .net/2u *"_ivl_144", 2 0, L_0x7fd57ad5f6d8;  1 drivers
v0xf4a8a0_0 .net *"_ivl_146", 0 0, L_0xf6c5e0;  1 drivers
v0xf4a960_0 .net *"_ivl_148", 15 0, L_0xf6c6d0;  1 drivers
L_0x7fd57ad5f720 .functor BUFT 1, C4<000000000000000>, C4<0>, C4<0>, C4<0>;
v0xf4aa40_0 .net *"_ivl_151", 14 0, L_0x7fd57ad5f720;  1 drivers
v0xf4ab20_0 .net *"_ivl_152", 15 0, L_0xf6c930;  1 drivers
L_0x7fd57ad5f768 .functor BUFT 1, C4<000000000000000>, C4<0>, C4<0>, C4<0>;
v0xf4ac00_0 .net *"_ivl_155", 14 0, L_0x7fd57ad5f768;  1 drivers
v0xf4ace0_0 .net *"_ivl_156", 15 0, L_0xf6ca20;  1 drivers
L_0x7fd57ad5f7b0 .functor BUFT 1, C4<000>, C4<0>, C4<0>, C4<0>;
v0xf4adc0_0 .net/2u *"_ivl_158", 2 0, L_0x7fd57ad5f7b0;  1 drivers
v0xf4aea0_0 .net *"_ivl_160", 0 0, L_0xf6cb30;  1 drivers
v0xf4af60_0 .net *"_ivl_162", 15 0, L_0xf6c7c0;  1 drivers
L_0x7fd57ad5f7f8 .functor BUFT 1, C4<000000000000000>, C4<0>, C4<0>, C4<0>;
v0xf4b250_0 .net *"_ivl_165", 14 0, L_0x7fd57ad5f7f8;  1 drivers
v0xf4b330_0 .net *"_ivl_166", 15 0, L_0xf6cda0;  1 drivers
L_0x7fd57ad5f840 .functor BUFT 1, C4<000000000000000>, C4<0>, C4<0>, C4<0>;
v0xf4b410_0 .net *"_ivl_169", 14 0, L_0x7fd57ad5f840;  1 drivers
v0xf4b4f0_0 .net *"_ivl_170", 15 0, L_0xf6cfd0;  1 drivers
L_0x7fd57ad5f888 .functor BUFT 1, C4<001>, C4<0>, C4<0>, C4<0>;
v0xf4b5d0_0 .net/2u *"_ivl_174", 2 0, L_0x7fd57ad5f888;  1 drivers
v0xf4b6b0_0 .net *"_ivl_176", 0 0, L_0xf6d220;  1 drivers
v0xf4b770_0 .net *"_ivl_178", 15 0, L_0xf6d310;  1 drivers
L_0x7fd57ad5f0f0 .functor BUFT 1, C4<001>, C4<0>, C4<0>, C4<0>;
v0xf4b850_0 .net/2u *"_ivl_18", 2 0, L_0x7fd57ad5f0f0;  1 drivers
L_0x7fd57ad5f8d0 .functor BUFT 1, C4<000000000000000>, C4<0>, C4<0>, C4<0>;
v0xf4b930_0 .net *"_ivl_181", 14 0, L_0x7fd57ad5f8d0;  1 drivers
v0xf4ba10_0 .net *"_ivl_182", 15 0, L_0xf6d5a0;  1 drivers
L_0x7fd57ad5f918 .functor BUFT 1, C4<000000000000000>, C4<0>, C4<0>, C4<0>;
v0xf4baf0_0 .net *"_ivl_185", 14 0, L_0x7fd57ad5f918;  1 drivers
v0xf4bbd0_0 .net *"_ivl_186", 15 0, L_0xf6d690;  1 drivers
L_0x7fd57ad5f960 .functor BUFT 1, C4<001>, C4<0>, C4<0>, C4<0>;
v0xf4bcb0_0 .net/2u *"_ivl_188", 2 0, L_0x7fd57ad5f960;  1 drivers
v0xf4bd90_0 .net *"_ivl_190", 0 0, L_0xf6d0e0;  1 drivers
v0xf4be50_0 .net *"_ivl_192", 15 0, L_0xf6da00;  1 drivers
L_0x7fd57ad5f9a8 .functor BUFT 1, C4<000000000000000>, C4<0>, C4<0>, C4<0>;
v0xf4bf30_0 .net *"_ivl_195", 14 0, L_0x7fd57ad5f9a8;  1 drivers
v0xf4c010_0 .net *"_ivl_196", 15 0, L_0xf6db40;  1 drivers
L_0x7fd57ad5f9f0 .functor BUFT 1, C4<000000000000000>, C4<0>, C4<0>, C4<0>;
v0xf4c0f0_0 .net *"_ivl_199", 14 0, L_0x7fd57ad5f9f0;  1 drivers
v0xf4c1d0_0 .net *"_ivl_2", 0 0, L_0xf584b0;  1 drivers
v0xf4c290_0 .net *"_ivl_20", 0 0, L_0xf68c50;  1 drivers
v0xf4c350_0 .net *"_ivl_200", 15 0, L_0xf6dda0;  1 drivers
L_0x7fd57ad5fa38 .functor BUFT 1, C4<010>, C4<0>, C4<0>, C4<0>;
v0xf4c430_0 .net/2u *"_ivl_204", 2 0, L_0x7fd57ad5fa38;  1 drivers
v0xf4c510_0 .net *"_ivl_206", 0 0, L_0xf6e080;  1 drivers
v0xf4c5d0_0 .net *"_ivl_208", 15 0, L_0xf6e170;  1 drivers
L_0x7fd57ad5fa80 .functor BUFT 1, C4<000000000000000>, C4<0>, C4<0>, C4<0>;
v0xf4c6b0_0 .net *"_ivl_211", 14 0, L_0x7fd57ad5fa80;  1 drivers
v0xf4c790_0 .net *"_ivl_212", 15 0, L_0xf6e430;  1 drivers
L_0x7fd57ad5fac8 .functor BUFT 1, C4<000000000000000>, C4<0>, C4<0>, C4<0>;
v0xf4c870_0 .net *"_ivl_215", 14 0, L_0x7fd57ad5fac8;  1 drivers
v0xf4c950_0 .net *"_ivl_216", 15 0, L_0xf6e520;  1 drivers
L_0x7fd57ad5fb10 .functor BUFT 1, C4<010>, C4<0>, C4<0>, C4<0>;
v0xf4ca30_0 .net/2u *"_ivl_218", 2 0, L_0x7fd57ad5fb10;  1 drivers
v0xf4cb10_0 .net *"_ivl_22", 0 0, L_0xee4310;  1 drivers
v0xf4cbf0_0 .net *"_ivl_220", 0 0, L_0xf6e630;  1 drivers
v0xf4ccb0_0 .net *"_ivl_222", 15 0, L_0xf6e8b0;  1 drivers
L_0x7fd57ad5fb58 .functor BUFT 1, C4<000000000000000>, C4<0>, C4<0>, C4<0>;
v0xf4d1a0_0 .net *"_ivl_225", 14 0, L_0x7fd57ad5fb58;  1 drivers
v0xf4d280_0 .net *"_ivl_226", 15 0, L_0xf6e9f0;  1 drivers
L_0x7fd57ad5fba0 .functor BUFT 1, C4<000000000000000>, C4<0>, C4<0>, C4<0>;
v0xf4d360_0 .net *"_ivl_229", 14 0, L_0x7fd57ad5fba0;  1 drivers
v0xf4d440_0 .net *"_ivl_230", 15 0, L_0xf6ec80;  1 drivers
L_0x7fd57ad5fbe8 .functor BUFT 1, C4<011>, C4<0>, C4<0>, C4<0>;
v0xf4d520_0 .net/2u *"_ivl_234", 2 0, L_0x7fd57ad5fbe8;  1 drivers
v0xf4d600_0 .net *"_ivl_236", 0 0, L_0xf6ef70;  1 drivers
v0xf4d6c0_0 .net *"_ivl_238", 15 0, L_0xf6f060;  1 drivers
L_0x7fd57ad5f138 .functor BUFT 1, C4<001>, C4<0>, C4<0>, C4<0>;
v0xf4d7a0_0 .net/2u *"_ivl_24", 2 0, L_0x7fd57ad5f138;  1 drivers
L_0x7fd57ad5fc30 .functor BUFT 1, C4<000000000000000>, C4<0>, C4<0>, C4<0>;
v0xf4d880_0 .net *"_ivl_241", 14 0, L_0x7fd57ad5fc30;  1 drivers
v0xf4d960_0 .net *"_ivl_242", 15 0, L_0xf6f350;  1 drivers
L_0x7fd57ad5fc78 .functor BUFT 1, C4<000000000000000>, C4<0>, C4<0>, C4<0>;
v0xf4da40_0 .net *"_ivl_245", 14 0, L_0x7fd57ad5fc78;  1 drivers
v0xf4db20_0 .net *"_ivl_246", 15 0, L_0xf6f440;  1 drivers
L_0x7fd57ad5fcc0 .functor BUFT 1, C4<011>, C4<0>, C4<0>, C4<0>;
v0xf4dc00_0 .net/2u *"_ivl_248", 2 0, L_0x7fd57ad5fcc0;  1 drivers
v0xf4dce0_0 .net *"_ivl_250", 0 0, L_0xf6f630;  1 drivers
v0xf4dda0_0 .net *"_ivl_252", 15 0, L_0xf6f8e0;  1 drivers
L_0x7fd57ad5fd08 .functor BUFT 1, C4<000000000000000>, C4<0>, C4<0>, C4<0>;
v0xf4de80_0 .net *"_ivl_255", 14 0, L_0x7fd57ad5fd08;  1 drivers
v0xf4df60_0 .net *"_ivl_256", 15 0, L_0xf6fa20;  1 drivers
L_0x7fd57ad5fd50 .functor BUFT 1, C4<000000000000000>, C4<0>, C4<0>, C4<0>;
v0xf4e040_0 .net *"_ivl_259", 14 0, L_0x7fd57ad5fd50;  1 drivers
v0xf4e120_0 .net *"_ivl_26", 0 0, L_0xf68de0;  1 drivers
v0xf4e1e0_0 .net *"_ivl_260", 15 0, L_0xf6fce0;  1 drivers
L_0x7fd57ad5fd98 .functor BUFT 1, C4<100>, C4<0>, C4<0>, C4<0>;
v0xf4e2c0_0 .net/2u *"_ivl_264", 2 0, L_0x7fd57ad5fd98;  1 drivers
v0xf4e3a0_0 .net *"_ivl_266", 0 0, L_0xf6fff0;  1 drivers
v0xf4e460_0 .net *"_ivl_268", 15 0, L_0xf700e0;  1 drivers
L_0x7fd57ad5fde0 .functor BUFT 1, C4<000000000000000>, C4<0>, C4<0>, C4<0>;
v0xf4e540_0 .net *"_ivl_271", 14 0, L_0x7fd57ad5fde0;  1 drivers
v0xf4e620_0 .net *"_ivl_272", 15 0, L_0xf70400;  1 drivers
L_0x7fd57ad5fe28 .functor BUFT 1, C4<000000000000000>, C4<0>, C4<0>, C4<0>;
v0xf4e700_0 .net *"_ivl_275", 14 0, L_0x7fd57ad5fe28;  1 drivers
v0xf4e7e0_0 .net *"_ivl_276", 15 0, L_0xf704f0;  1 drivers
L_0x7fd57ad5fe70 .functor BUFT 1, C4<100>, C4<0>, C4<0>, C4<0>;
v0xf4e8c0_0 .net/2u *"_ivl_278", 2 0, L_0x7fd57ad5fe70;  1 drivers
v0xf4e9a0_0 .net *"_ivl_28", 0 0, L_0xee32a0;  1 drivers
v0xf4ea80_0 .net *"_ivl_280", 0 0, L_0xf70600;  1 drivers
v0xf4eb40_0 .net *"_ivl_282", 15 0, L_0xf708e0;  1 drivers
L_0x7fd57ad5feb8 .functor BUFT 1, C4<000000000000000>, C4<0>, C4<0>, C4<0>;
v0xf4ec20_0 .net *"_ivl_285", 14 0, L_0x7fd57ad5feb8;  1 drivers
v0xf4ed00_0 .net *"_ivl_286", 15 0, L_0xf70a20;  1 drivers
L_0x7fd57ad5ff00 .functor BUFT 1, C4<000000000000000>, C4<0>, C4<0>, C4<0>;
v0xf4ede0_0 .net *"_ivl_289", 14 0, L_0x7fd57ad5ff00;  1 drivers
v0xf4eec0_0 .net *"_ivl_290", 15 0, L_0xf70d10;  1 drivers
L_0x7fd57ad5ff48 .functor BUFT 1, C4<101>, C4<0>, C4<0>, C4<0>;
v0xf4efa0_0 .net/2u *"_ivl_294", 2 0, L_0x7fd57ad5ff48;  1 drivers
v0xf4f080_0 .net *"_ivl_296", 0 0, L_0xf71030;  1 drivers
v0xf4f140_0 .net *"_ivl_298", 15 0, L_0xf71120;  1 drivers
L_0x7fd57ad5f180 .functor BUFT 1, C4<0000000000000001>, C4<0>, C4<0>, C4<0>;
v0xf4f220_0 .net/2u *"_ivl_30", 15 0, L_0x7fd57ad5f180;  1 drivers
L_0x7fd57ad5ff90 .functor BUFT 1, C4<000000000000000>, C4<0>, C4<0>, C4<0>;
v0xf4f300_0 .net *"_ivl_301", 14 0, L_0x7fd57ad5ff90;  1 drivers
v0xf4f3e0_0 .net *"_ivl_302", 15 0, L_0xf71470;  1 drivers
L_0x7fd57ad5ffd8 .functor BUFT 1, C4<000000000000000>, C4<0>, C4<0>, C4<0>;
v0xf4f4c0_0 .net *"_ivl_305", 14 0, L_0x7fd57ad5ffd8;  1 drivers
v0xf4f5a0_0 .net *"_ivl_306", 15 0, L_0xf71560;  1 drivers
L_0x7fd57ad60020 .functor BUFT 1, C4<101>, C4<0>, C4<0>, C4<0>;
v0xf4f680_0 .net/2u *"_ivl_308", 2 0, L_0x7fd57ad60020;  1 drivers
v0xf4f760_0 .net *"_ivl_310", 0 0, L_0xf71780;  1 drivers
v0xf4f820_0 .net *"_ivl_312", 15 0, L_0xf71a90;  1 drivers
L_0x7fd57ad60068 .functor BUFT 1, C4<000000000000000>, C4<0>, C4<0>, C4<0>;
v0xf4f900_0 .net *"_ivl_315", 14 0, L_0x7fd57ad60068;  1 drivers
v0xf4f9e0_0 .net *"_ivl_316", 15 0, L_0xf71bd0;  1 drivers
L_0x7fd57ad600b0 .functor BUFT 1, C4<000000000000000>, C4<0>, C4<0>, C4<0>;
v0xf4fac0_0 .net *"_ivl_319", 14 0, L_0x7fd57ad600b0;  1 drivers
v0xf4fba0_0 .net *"_ivl_32", 15 0, L_0xf68f60;  1 drivers
v0xf4fc80_0 .net *"_ivl_320", 15 0, L_0xf71ef0;  1 drivers
L_0x7fd57ad600f8 .functor BUFT 1, C4<110>, C4<0>, C4<0>, C4<0>;
v0xf4fd60_0 .net/2u *"_ivl_324", 2 0, L_0x7fd57ad600f8;  1 drivers
v0xf4fe40_0 .net *"_ivl_326", 0 0, L_0xf72230;  1 drivers
v0xf4ff00_0 .net *"_ivl_328", 15 0, L_0xf72320;  1 drivers
L_0x7fd57ad60140 .functor BUFT 1, C4<000000000000000>, C4<0>, C4<0>, C4<0>;
v0xf4ffe0_0 .net *"_ivl_331", 14 0, L_0x7fd57ad60140;  1 drivers
v0xf500c0_0 .net *"_ivl_332", 15 0, L_0xf726a0;  1 drivers
L_0x7fd57ad60188 .functor BUFT 1, C4<000000000000000>, C4<0>, C4<0>, C4<0>;
v0xf501a0_0 .net *"_ivl_335", 14 0, L_0x7fd57ad60188;  1 drivers
v0xf50280_0 .net *"_ivl_336", 15 0, L_0xf729a0;  1 drivers
L_0x7fd57ad601d0 .functor BUFT 1, C4<110>, C4<0>, C4<0>, C4<0>;
v0xf50360_0 .net/2u *"_ivl_338", 2 0, L_0x7fd57ad601d0;  1 drivers
v0xf50440_0 .net *"_ivl_340", 0 0, L_0xf72ab0;  1 drivers
v0xf50500_0 .net *"_ivl_342", 15 0, L_0xf73000;  1 drivers
L_0x7fd57ad60218 .functor BUFT 1, C4<000000000000000>, C4<0>, C4<0>, C4<0>;
v0xf505e0_0 .net *"_ivl_345", 14 0, L_0x7fd57ad60218;  1 drivers
v0xf506c0_0 .net *"_ivl_346", 15 0, L_0xf73140;  1 drivers
L_0x7fd57ad60260 .functor BUFT 1, C4<000000000000000>, C4<0>, C4<0>, C4<0>;
v0xf507a0_0 .net *"_ivl_349", 14 0, L_0x7fd57ad60260;  1 drivers
v0xf51090_0 .net *"_ivl_350", 15 0, L_0xf73490;  1 drivers
L_0x7fd57ad602a8 .functor BUFT 1, C4<111>, C4<0>, C4<0>, C4<0>;
v0xf51170_0 .net/2u *"_ivl_354", 2 0, L_0x7fd57ad602a8;  1 drivers
v0xf51250_0 .net *"_ivl_356", 0 0, L_0xf736d0;  1 drivers
v0xf51310_0 .net *"_ivl_358", 15 0, L_0xf737c0;  1 drivers
L_0x7fd57ad5f1c8 .functor BUFT 1, C4<010>, C4<0>, C4<0>, C4<0>;
v0xf513f0_0 .net/2u *"_ivl_36", 2 0, L_0x7fd57ad5f1c8;  1 drivers
L_0x7fd57ad602f0 .functor BUFT 1, C4<000000000000000>, C4<0>, C4<0>, C4<0>;
v0xf514d0_0 .net *"_ivl_361", 14 0, L_0x7fd57ad602f0;  1 drivers
v0xf515b0_0 .net *"_ivl_362", 15 0, L_0xf73b70;  1 drivers
L_0x7fd57ad60338 .functor BUFT 1, C4<000000000000000>, C4<0>, C4<0>, C4<0>;
v0xf51690_0 .net *"_ivl_365", 14 0, L_0x7fd57ad60338;  1 drivers
v0xf51770_0 .net *"_ivl_366", 15 0, L_0xf73c60;  1 drivers
L_0x7fd57ad60380 .functor BUFT 1, C4<111>, C4<0>, C4<0>, C4<0>;
v0xf51850_0 .net/2u *"_ivl_368", 2 0, L_0x7fd57ad60380;  1 drivers
v0xf51930_0 .net *"_ivl_370", 0 0, L_0xf73eb0;  1 drivers
v0xf519f0_0 .net *"_ivl_372", 15 0, L_0xf74220;  1 drivers
L_0x7fd57ad603c8 .functor BUFT 1, C4<000000000000000>, C4<0>, C4<0>, C4<0>;
v0xf51ad0_0 .net *"_ivl_375", 14 0, L_0x7fd57ad603c8;  1 drivers
v0xf51bb0_0 .net *"_ivl_376", 15 0, L_0xf74360;  1 drivers
L_0x7fd57ad60410 .functor BUFT 1, C4<000000000000000>, C4<0>, C4<0>, C4<0>;
v0xf51c90_0 .net *"_ivl_379", 14 0, L_0x7fd57ad60410;  1 drivers
v0xf51d70_0 .net *"_ivl_38", 0 0, L_0xf69280;  1 drivers
v0xf51e30_0 .net *"_ivl_380", 15 0, L_0xf746e0;  1 drivers
v0xf51f10_0 .net *"_ivl_4", 0 0, L_0xee63f0;  1 drivers
v0xf51ff0_0 .net *"_ivl_40", 0 0, L_0xf1dca0;  1 drivers
v0xf520d0_0 .net *"_ivl_400", 0 0, L_0xf7def0;  1 drivers
v0xf52190_0 .net *"_ivl_402", 0 0, L_0xf7df90;  1 drivers
v0xf52270_0 .net *"_ivl_404", 0 0, L_0xf7e050;  1 drivers
v0xf52330_0 .net *"_ivl_406", 0 0, L_0xf7e3d0;  1 drivers
v0xf52410_0 .net *"_ivl_408", 15 0, L_0xf7e5f0;  1 drivers
v0xf524f0_0 .net *"_ivl_412", 0 0, L_0xf7eb60;  1 drivers
v0xf525b0_0 .net *"_ivl_414", 0 0, L_0xf7ec00;  1 drivers
v0xf52690_0 .net *"_ivl_416", 0 0, L_0xf7ecc0;  1 drivers
v0xf52750_0 .net *"_ivl_418", 0 0, L_0xf7f060;  1 drivers
L_0x7fd57ad5f210 .functor BUFT 1, C4<010>, C4<0>, C4<0>, C4<0>;
v0xf52830_0 .net/2u *"_ivl_42", 2 0, L_0x7fd57ad5f210;  1 drivers
v0xf52910_0 .net *"_ivl_420", 15 0, L_0xf7f290;  1 drivers
v0xf529f0_0 .net *"_ivl_424", 0 0, L_0xf7f820;  1 drivers
v0xf52ab0_0 .net *"_ivl_426", 0 0, L_0xf7f8c0;  1 drivers
v0xf52b90_0 .net *"_ivl_428", 0 0, L_0xf7f980;  1 drivers
v0xf52c50_0 .net *"_ivl_430", 0 0, L_0xf7fd40;  1 drivers
v0xf52d30_0 .net *"_ivl_432", 15 0, L_0xf7ff80;  1 drivers
v0xf52e10_0 .net *"_ivl_436", 0 0, L_0xf80530;  1 drivers
v0xf52ed0_0 .net *"_ivl_438", 0 0, L_0xf805d0;  1 drivers
v0xf52fb0_0 .net *"_ivl_44", 0 0, L_0xf69370;  1 drivers
v0xf53070_0 .net *"_ivl_440", 0 0, L_0xf80690;  1 drivers
v0xf53130_0 .net *"_ivl_442", 0 0, L_0xf80a70;  1 drivers
v0xf53210_0 .net *"_ivl_444", 15 0, L_0xf80cc0;  1 drivers
v0xf532f0_0 .net *"_ivl_46", 0 0, L_0xf1de10;  1 drivers
L_0x7fd57ad5f258 .functor BUFT 1, C4<0000000000000010>, C4<0>, C4<0>, C4<0>;
v0xf533d0_0 .net/2u *"_ivl_48", 15 0, L_0x7fd57ad5f258;  1 drivers
v0xf534b0_0 .net *"_ivl_50", 15 0, L_0xf69540;  1 drivers
L_0x7fd57ad5f2a0 .functor BUFT 1, C4<011>, C4<0>, C4<0>, C4<0>;
v0xf53590_0 .net/2u *"_ivl_54", 2 0, L_0x7fd57ad5f2a0;  1 drivers
v0xf53670_0 .net *"_ivl_56", 0 0, L_0xf69860;  1 drivers
v0xf53730_0 .net *"_ivl_58", 0 0, L_0xf1de80;  1 drivers
L_0x7fd57ad5f060 .functor BUFT 1, C4<000>, C4<0>, C4<0>, C4<0>;
v0xf53810_0 .net/2u *"_ivl_6", 2 0, L_0x7fd57ad5f060;  1 drivers
L_0x7fd57ad5f2e8 .functor BUFT 1, C4<011>, C4<0>, C4<0>, C4<0>;
v0xf538f0_0 .net/2u *"_ivl_60", 2 0, L_0x7fd57ad5f2e8;  1 drivers
v0xf539d0_0 .net *"_ivl_62", 0 0, L_0xf69950;  1 drivers
v0xf53a90_0 .net *"_ivl_64", 0 0, L_0xf69710;  1 drivers
L_0x7fd57ad5f330 .functor BUFT 1, C4<0000000000000011>, C4<0>, C4<0>, C4<0>;
v0xf53b70_0 .net/2u *"_ivl_66", 15 0, L_0x7fd57ad5f330;  1 drivers
v0xf53c50_0 .net *"_ivl_68", 15 0, L_0xf69b60;  1 drivers
L_0x7fd57ad5f378 .functor BUFT 1, C4<100>, C4<0>, C4<0>, C4<0>;
v0xf53d30_0 .net/2u *"_ivl_72", 2 0, L_0x7fd57ad5f378;  1 drivers
v0xf53e10_0 .net *"_ivl_74", 0 0, L_0xf69ec0;  1 drivers
v0xf53ed0_0 .net *"_ivl_76", 0 0, L_0xf69fb0;  1 drivers
L_0x7fd57ad5f3c0 .functor BUFT 1, C4<100>, C4<0>, C4<0>, C4<0>;
v0xf53fb0_0 .net/2u *"_ivl_78", 2 0, L_0x7fd57ad5f3c0;  1 drivers
v0xf54090_0 .net *"_ivl_8", 0 0, L_0xf586c0;  1 drivers
v0xf54150_0 .net *"_ivl_80", 0 0, L_0xf6a070;  1 drivers
v0xf54210_0 .net *"_ivl_82", 0 0, L_0xf6a200;  1 drivers
L_0x7fd57ad5f408 .functor BUFT 1, C4<0000000000000100>, C4<0>, C4<0>, C4<0>;
v0xf542f0_0 .net/2u *"_ivl_84", 15 0, L_0x7fd57ad5f408;  1 drivers
v0xf543d0_0 .net *"_ivl_86", 15 0, L_0xf6a320;  1 drivers
L_0x7fd57ad5f450 .functor BUFT 1, C4<101>, C4<0>, C4<0>, C4<0>;
v0xf544b0_0 .net/2u *"_ivl_90", 2 0, L_0x7fd57ad5f450;  1 drivers
v0xf54590_0 .net *"_ivl_92", 0 0, L_0xf6a160;  1 drivers
v0xf54650_0 .net *"_ivl_94", 0 0, L_0xf6a6a0;  1 drivers
L_0x7fd57ad5f498 .functor BUFT 1, C4<101>, C4<0>, C4<0>, C4<0>;
v0xf54730_0 .net/2u *"_ivl_96", 2 0, L_0x7fd57ad5f498;  1 drivers
v0xf54810_0 .net *"_ivl_98", 0 0, L_0xf6a870;  1 drivers
v0xf548d0_0 .net "clk", 0 0, v0xf56f20_0;  1 drivers
v0xf54970_0 .net "gwe", 0 0, v0xf57450_0;  1 drivers
v0xf54a10_0 .net "i_rd_A", 2 0, v0xf576b0_0;  1 drivers
v0xf54af0_0 .net "i_rd_B", 2 0, v0xf57770_0;  1 drivers
v0xf54bd0_0 .net "i_rd_we_0", 15 0, L_0xf6c170;  1 drivers
v0xf54cb0_0 .net "i_rd_we_1", 15 0, L_0xf6deb0;  1 drivers
v0xf54d90_0 .net "i_rd_we_2", 15 0, L_0xf6ee60;  1 drivers
v0xf54e70_0 .net "i_rd_we_3", 15 0, L_0xf6fdf0;  1 drivers
v0xf54f50_0 .net "i_rd_we_4", 15 0, L_0xf70f20;  1 drivers
v0xf55030_0 .net "i_rd_we_5", 15 0, L_0xf72000;  1 drivers
v0xf55110_0 .net "i_rd_we_6", 15 0, L_0xf72110;  1 drivers
v0xf551f0_0 .net "i_rd_we_7", 15 0, L_0xf747f0;  1 drivers
v0xf552d0_0 .net "i_rd_we_A", 0 0, v0xf582e0_0;  1 drivers
v0xf55390_0 .net "i_rd_we_B", 0 0, v0xf583b0_0;  1 drivers
v0xf55450_0 .net "i_rs_A", 2 0, v0xf57840_0;  1 drivers
v0xf55510_0 .net "i_rs_B", 2 0, v0xf578e0_0;  1 drivers
v0xf555e0_0 .net "i_rt_A", 2 0, v0xf57bf0_0;  1 drivers
v0xf556b0_0 .net "i_rt_B", 2 0, v0xf57df0_0;  1 drivers
v0xf55780_0 .net "i_wdata_A", 15 0, v0xf58120_0;  1 drivers
v0xf55840_0 .net "i_wdata_B", 15 0, v0xf58210_0;  1 drivers
v0xf55920_0 .net "o_rs_data_A", 15 0, L_0xf7e6e0;  alias, 1 drivers
v0xf55a00_0 .net "o_rs_data_A_temp", 15 0, L_0xf780f0;  1 drivers
v0xf55af0_0 .net "o_rs_data_B", 15 0, L_0xf7f380;  alias, 1 drivers
v0xf55bb0_0 .net "o_rs_data_B_temp", 15 0, L_0xf7b8b0;  1 drivers
v0xf55ca0_0 .net "o_rt_data_A", 15 0, L_0xf80070;  alias, 1 drivers
v0xf55d60_0 .net "o_rt_data_A_temp", 15 0, L_0xf79c30;  1 drivers
v0xf55e50_0 .net "o_rt_data_B", 15 0, L_0xf80db0;  alias, 1 drivers
v0xf55f10_0 .net "o_rt_data_B_temp", 15 0, L_0xf7dd40;  1 drivers
v0xf56000_0 .net "r0v", 15 0, L_0xf74a50;  1 drivers
v0xf560a0_0 .net "r1v", 15 0, L_0xf74c50;  1 drivers
v0xf56160_0 .net "r2v", 15 0, L_0xf750f0;  1 drivers
v0xf56220_0 .net "r3v", 15 0, L_0xf752f0;  1 drivers
v0xf562e0_0 .net "r4v", 15 0, L_0xf757a0;  1 drivers
v0xf563a0_0 .net "r5v", 15 0, L_0xf759a0;  1 drivers
v0xf56460_0 .net "r6v", 15 0, L_0xf75e60;  1 drivers
v0xf56520_0 .net "r7v", 15 0, L_0xf76060;  1 drivers
v0xf565e0_0 .net "rd_write_data_0", 15 0, L_0xf68a40;  1 drivers
v0xf566d0_0 .net "rd_write_data_1", 15 0, L_0xf690a0;  1 drivers
v0xf567a0_0 .net "rd_write_data_2", 15 0, L_0xf69670;  1 drivers
v0xf56870_0 .net "rd_write_data_3", 15 0, L_0xf69ca0;  1 drivers
v0xf56940_0 .net "rd_write_data_4", 15 0, L_0xf6a410;  1 drivers
v0xf56a10_0 .net "rd_write_data_5", 15 0, L_0xf6ac90;  1 drivers
v0xf56ae0_0 .net "rd_write_data_6", 15 0, L_0xf6ba40;  1 drivers
v0xf56bb0_0 .net "rd_write_data_7", 15 0, L_0xf6c340;  1 drivers
v0xf56c80_0 .net "rst", 0 0, v0xf57b50_0;  1 drivers
L_0xf584b0 .cmp/eq 3, v0xf57770_0, L_0x7fd57ad5f018;
L_0xf586c0 .cmp/eq 3, v0xf576b0_0, L_0x7fd57ad5f060;
L_0xf688b0 .functor MUXZ 16, L_0x7fd57ad5f0a8, v0xf58120_0, L_0xee5380, C4<>;
L_0xf68a40 .functor MUXZ 16, L_0xf688b0, v0xf58210_0, L_0xee63f0, C4<>;
L_0xf68c50 .cmp/eq 3, v0xf57770_0, L_0x7fd57ad5f0f0;
L_0xf68de0 .cmp/eq 3, v0xf576b0_0, L_0x7fd57ad5f138;
L_0xf68f60 .functor MUXZ 16, L_0x7fd57ad5f180, v0xf58120_0, L_0xee32a0, C4<>;
L_0xf690a0 .functor MUXZ 16, L_0xf68f60, v0xf58210_0, L_0xee4310, C4<>;
L_0xf69280 .cmp/eq 3, v0xf57770_0, L_0x7fd57ad5f1c8;
L_0xf69370 .cmp/eq 3, v0xf576b0_0, L_0x7fd57ad5f210;
L_0xf69540 .functor MUXZ 16, L_0x7fd57ad5f258, v0xf58120_0, L_0xf1de10, C4<>;
L_0xf69670 .functor MUXZ 16, L_0xf69540, v0xf58210_0, L_0xf1dca0, C4<>;
L_0xf69860 .cmp/eq 3, v0xf57770_0, L_0x7fd57ad5f2a0;
L_0xf69950 .cmp/eq 3, v0xf576b0_0, L_0x7fd57ad5f2e8;
L_0xf69b60 .functor MUXZ 16, L_0x7fd57ad5f330, v0xf58120_0, L_0xf69710, C4<>;
L_0xf69ca0 .functor MUXZ 16, L_0xf69b60, v0xf58210_0, L_0xf1de80, C4<>;
L_0xf69ec0 .cmp/eq 3, v0xf57770_0, L_0x7fd57ad5f378;
L_0xf6a070 .cmp/eq 3, v0xf576b0_0, L_0x7fd57ad5f3c0;
L_0xf6a320 .functor MUXZ 16, L_0x7fd57ad5f408, v0xf58120_0, L_0xf6a200, C4<>;
L_0xf6a410 .functor MUXZ 16, L_0xf6a320, v0xf58210_0, L_0xf69fb0, C4<>;
L_0xf6a160 .cmp/eq 3, v0xf57770_0, L_0x7fd57ad5f450;
L_0xf6a870 .cmp/eq 3, v0xf576b0_0, L_0x7fd57ad5f498;
L_0xf6ab50 .functor MUXZ 16, L_0x7fd57ad5f4e0, v0xf58120_0, L_0xf6aa20, C4<>;
L_0xf6ac90 .functor MUXZ 16, L_0xf6ab50, v0xf58210_0, L_0xf6a6a0, C4<>;
L_0xf6aef0 .cmp/eq 3, v0xf57770_0, L_0x7fd57ad5f528;
L_0xf6b2c0 .cmp/eq 3, v0xf576b0_0, L_0x7fd57ad5f570;
L_0xf6b7f0 .functor MUXZ 16, L_0x7fd57ad5f5b8, v0xf58120_0, L_0xf6b5a0, C4<>;
L_0xf6ba40 .functor MUXZ 16, L_0xf6b7f0, v0xf58210_0, L_0xf6b0f0, C4<>;
L_0xf6bdd0 .cmp/eq 3, v0xf57770_0, L_0x7fd57ad5f600;
L_0xf6bec0 .cmp/eq 3, v0xf576b0_0, L_0x7fd57ad5f648;
L_0xf6c200 .functor MUXZ 16, L_0x7fd57ad5f690, v0xf58120_0, L_0xf6c0b0, C4<>;
L_0xf6c340 .functor MUXZ 16, L_0xf6c200, v0xf58210_0, L_0xf6aae0, C4<>;
L_0xf6c5e0 .cmp/eq 3, v0xf57770_0, L_0x7fd57ad5f6d8;
L_0xf6c6d0 .concat [ 1 15 0 0], L_0xf6c5e0, L_0x7fd57ad5f720;
L_0xf6c930 .concat [ 1 15 0 0], v0xf583b0_0, L_0x7fd57ad5f768;
L_0xf6cb30 .cmp/eq 3, v0xf576b0_0, L_0x7fd57ad5f7b0;
L_0xf6c7c0 .concat [ 1 15 0 0], L_0xf6cb30, L_0x7fd57ad5f7f8;
L_0xf6cda0 .concat [ 1 15 0 0], v0xf582e0_0, L_0x7fd57ad5f840;
L_0xf6d220 .cmp/eq 3, v0xf57770_0, L_0x7fd57ad5f888;
L_0xf6d310 .concat [ 1 15 0 0], L_0xf6d220, L_0x7fd57ad5f8d0;
L_0xf6d5a0 .concat [ 1 15 0 0], v0xf583b0_0, L_0x7fd57ad5f918;
L_0xf6d0e0 .cmp/eq 3, v0xf576b0_0, L_0x7fd57ad5f960;
L_0xf6da00 .concat [ 1 15 0 0], L_0xf6d0e0, L_0x7fd57ad5f9a8;
L_0xf6db40 .concat [ 1 15 0 0], v0xf582e0_0, L_0x7fd57ad5f9f0;
L_0xf6e080 .cmp/eq 3, v0xf57770_0, L_0x7fd57ad5fa38;
L_0xf6e170 .concat [ 1 15 0 0], L_0xf6e080, L_0x7fd57ad5fa80;
L_0xf6e430 .concat [ 1 15 0 0], v0xf583b0_0, L_0x7fd57ad5fac8;
L_0xf6e630 .cmp/eq 3, v0xf576b0_0, L_0x7fd57ad5fb10;
L_0xf6e8b0 .concat [ 1 15 0 0], L_0xf6e630, L_0x7fd57ad5fb58;
L_0xf6e9f0 .concat [ 1 15 0 0], v0xf582e0_0, L_0x7fd57ad5fba0;
L_0xf6ef70 .cmp/eq 3, v0xf57770_0, L_0x7fd57ad5fbe8;
L_0xf6f060 .concat [ 1 15 0 0], L_0xf6ef70, L_0x7fd57ad5fc30;
L_0xf6f350 .concat [ 1 15 0 0], v0xf583b0_0, L_0x7fd57ad5fc78;
L_0xf6f630 .cmp/eq 3, v0xf576b0_0, L_0x7fd57ad5fcc0;
L_0xf6f8e0 .concat [ 1 15 0 0], L_0xf6f630, L_0x7fd57ad5fd08;
L_0xf6fa20 .concat [ 1 15 0 0], v0xf582e0_0, L_0x7fd57ad5fd50;
L_0xf6fff0 .cmp/eq 3, v0xf57770_0, L_0x7fd57ad5fd98;
L_0xf700e0 .concat [ 1 15 0 0], L_0xf6fff0, L_0x7fd57ad5fde0;
L_0xf70400 .concat [ 1 15 0 0], v0xf583b0_0, L_0x7fd57ad5fe28;
L_0xf70600 .cmp/eq 3, v0xf576b0_0, L_0x7fd57ad5fe70;
L_0xf708e0 .concat [ 1 15 0 0], L_0xf70600, L_0x7fd57ad5feb8;
L_0xf70a20 .concat [ 1 15 0 0], v0xf582e0_0, L_0x7fd57ad5ff00;
L_0xf71030 .cmp/eq 3, v0xf57770_0, L_0x7fd57ad5ff48;
L_0xf71120 .concat [ 1 15 0 0], L_0xf71030, L_0x7fd57ad5ff90;
L_0xf71470 .concat [ 1 15 0 0], v0xf583b0_0, L_0x7fd57ad5ffd8;
L_0xf71780 .cmp/eq 3, v0xf576b0_0, L_0x7fd57ad60020;
L_0xf71a90 .concat [ 1 15 0 0], L_0xf71780, L_0x7fd57ad60068;
L_0xf71bd0 .concat [ 1 15 0 0], v0xf582e0_0, L_0x7fd57ad600b0;
L_0xf72230 .cmp/eq 3, v0xf57770_0, L_0x7fd57ad600f8;
L_0xf72320 .concat [ 1 15 0 0], L_0xf72230, L_0x7fd57ad60140;
L_0xf726a0 .concat [ 1 15 0 0], v0xf583b0_0, L_0x7fd57ad60188;
L_0xf72ab0 .cmp/eq 3, v0xf576b0_0, L_0x7fd57ad601d0;
L_0xf73000 .concat [ 1 15 0 0], L_0xf72ab0, L_0x7fd57ad60218;
L_0xf73140 .concat [ 1 15 0 0], v0xf582e0_0, L_0x7fd57ad60260;
L_0xf736d0 .cmp/eq 3, v0xf57770_0, L_0x7fd57ad602a8;
L_0xf737c0 .concat [ 1 15 0 0], L_0xf736d0, L_0x7fd57ad602f0;
L_0xf73b70 .concat [ 1 15 0 0], v0xf583b0_0, L_0x7fd57ad60338;
L_0xf73eb0 .cmp/eq 3, v0xf576b0_0, L_0x7fd57ad60380;
L_0xf74220 .concat [ 1 15 0 0], L_0xf73eb0, L_0x7fd57ad603c8;
L_0xf74360 .concat [ 1 15 0 0], v0xf582e0_0, L_0x7fd57ad60410;
L_0xf74b60 .part L_0xf6c170, 0, 1;
L_0xf74d60 .part L_0xf6deb0, 0, 1;
L_0xf75200 .part L_0xf6ee60, 0, 1;
L_0xf75400 .part L_0xf6fdf0, 0, 1;
L_0xf758b0 .part L_0xf70f20, 0, 1;
L_0xf75ab0 .part L_0xf72000, 0, 1;
L_0xf75f70 .part L_0xf72110, 0, 1;
L_0xf76170 .part L_0xf747f0, 0, 1;
L_0xf7def0 .cmp/eq 3, v0xf57770_0, v0xf57840_0;
L_0xf7e050 .cmp/eq 3, v0xf576b0_0, v0xf57840_0;
L_0xf7e5f0 .functor MUXZ 16, L_0xf780f0, v0xf58120_0, L_0xf7e3d0, C4<>;
L_0xf7e6e0 .functor MUXZ 16, L_0xf7e5f0, v0xf58210_0, L_0xf7df90, C4<>;
L_0xf7eb60 .cmp/eq 3, v0xf57770_0, v0xf578e0_0;
L_0xf7ecc0 .cmp/eq 3, v0xf576b0_0, v0xf578e0_0;
L_0xf7f290 .functor MUXZ 16, L_0xf7b8b0, v0xf58120_0, L_0xf7f060, C4<>;
L_0xf7f380 .functor MUXZ 16, L_0xf7f290, v0xf58210_0, L_0xf7ec00, C4<>;
L_0xf7f820 .cmp/eq 3, v0xf57770_0, v0xf57bf0_0;
L_0xf7f980 .cmp/eq 3, v0xf576b0_0, v0xf57bf0_0;
L_0xf7ff80 .functor MUXZ 16, L_0xf79c30, v0xf58120_0, L_0xf7fd40, C4<>;
L_0xf80070 .functor MUXZ 16, L_0xf7ff80, v0xf58210_0, L_0xf7f8c0, C4<>;
L_0xf80530 .cmp/eq 3, v0xf57770_0, v0xf57df0_0;
L_0xf80690 .cmp/eq 3, v0xf576b0_0, v0xf57df0_0;
L_0xf80cc0 .functor MUXZ 16, L_0xf7dd40, v0xf58120_0, L_0xf80a70, C4<>;
L_0xf80db0 .functor MUXZ 16, L_0xf80cc0, v0xf58210_0, L_0xf805d0, C4<>;
S_0xf38130 .scope module, "m2" "MUX81" 4 117, 4 130 0, S_0xf37cf0;
 .timescale -9 -12;
    .port_info 0 /INPUT 16 "a";
    .port_info 1 /INPUT 16 "b";
    .port_info 2 /INPUT 16 "c";
    .port_info 3 /INPUT 16 "d";
    .port_info 4 /INPUT 16 "e";
    .port_info 5 /INPUT 16 "f";
    .port_info 6 /INPUT 16 "g";
    .port_info 7 /INPUT 16 "h";
    .port_info 8 /INPUT 3 "sel";
    .port_info 9 /OUTPUT 16 "out";
L_0xf772c0 .functor OR 16, L_0xf76620, L_0xf76800, C4<0000000000000000>, C4<0000000000000000>;
L_0xf77a70 .functor OR 16, L_0xf772c0, L_0xf76620, C4<0000000000000000>, C4<0000000000000000>;
L_0xf77b30 .functor OR 16, L_0xf77a70, L_0xf76a90, C4<0000000000000000>, C4<0000000000000000>;
L_0xf77c40 .functor OR 16, L_0xf77b30, L_0xf76d00, C4<0000000000000000>, C4<0000000000000000>;
L_0xf77d80 .functor OR 16, L_0xf77c40, L_0xf76fb0, C4<0000000000000000>, C4<0000000000000000>;
L_0xf77e90 .functor OR 16, L_0xf77d80, L_0xf77220, C4<0000000000000000>, C4<0000000000000000>;
L_0xf77fe0 .functor OR 16, L_0xf77e90, L_0xf774f0, C4<0000000000000000>, C4<0000000000000000>;
L_0xf780f0 .functor OR 16, L_0xf77fe0, L_0xf777d0, C4<0000000000000000>, C4<0000000000000000>;
L_0x7fd57ad60458 .functor BUFT 1, C4<000>, C4<0>, C4<0>, C4<0>;
v0xee54a0_0 .net/2u *"_ivl_0", 2 0, L_0x7fd57ad60458;  1 drivers
v0xee4430_0 .net *"_ivl_10", 0 0, L_0xf76760;  1 drivers
L_0x7fd57ad60530 .functor BUFT 1, C4<0000000000000000>, C4<0>, C4<0>, C4<0>;
v0xee33c0_0 .net/2u *"_ivl_12", 15 0, L_0x7fd57ad60530;  1 drivers
L_0x7fd57ad60578 .functor BUFT 1, C4<010>, C4<0>, C4<0>, C4<0>;
v0xf1e080_0 .net/2u *"_ivl_16", 2 0, L_0x7fd57ad60578;  1 drivers
v0xf1e120_0 .net *"_ivl_18", 0 0, L_0xf769a0;  1 drivers
v0xf38560_0 .net *"_ivl_2", 0 0, L_0xf76530;  1 drivers
L_0x7fd57ad605c0 .functor BUFT 1, C4<0000000000000000>, C4<0>, C4<0>, C4<0>;
v0xf38620_0 .net/2u *"_ivl_20", 15 0, L_0x7fd57ad605c0;  1 drivers
L_0x7fd57ad60608 .functor BUFT 1, C4<011>, C4<0>, C4<0>, C4<0>;
v0xf38700_0 .net/2u *"_ivl_24", 2 0, L_0x7fd57ad60608;  1 drivers
v0xf387e0_0 .net *"_ivl_26", 0 0, L_0xf76c10;  1 drivers
L_0x7fd57ad60650 .functor BUFT 1, C4<0000000000000000>, C4<0>, C4<0>, C4<0>;
v0xf38930_0 .net/2u *"_ivl_28", 15 0, L_0x7fd57ad60650;  1 drivers
L_0x7fd57ad60698 .functor BUFT 1, C4<100>, C4<0>, C4<0>, C4<0>;
v0xf38a10_0 .net/2u *"_ivl_32", 2 0, L_0x7fd57ad60698;  1 drivers
v0xf38af0_0 .net *"_ivl_34", 0 0, L_0xf76ec0;  1 drivers
L_0x7fd57ad606e0 .functor BUFT 1, C4<0000000000000000>, C4<0>, C4<0>, C4<0>;
v0xf38bb0_0 .net/2u *"_ivl_36", 15 0, L_0x7fd57ad606e0;  1 drivers
L_0x7fd57ad604a0 .functor BUFT 1, C4<0000000000000000>, C4<0>, C4<0>, C4<0>;
v0xf38c90_0 .net/2u *"_ivl_4", 15 0, L_0x7fd57ad604a0;  1 drivers
L_0x7fd57ad60728 .functor BUFT 1, C4<101>, C4<0>, C4<0>, C4<0>;
v0xf38d70_0 .net/2u *"_ivl_40", 2 0, L_0x7fd57ad60728;  1 drivers
v0xf38e50_0 .net *"_ivl_42", 0 0, L_0xf77130;  1 drivers
L_0x7fd57ad60770 .functor BUFT 1, C4<0000000000000000>, C4<0>, C4<0>, C4<0>;
v0xf38f10_0 .net/2u *"_ivl_44", 15 0, L_0x7fd57ad60770;  1 drivers
L_0x7fd57ad607b8 .functor BUFT 1, C4<110>, C4<0>, C4<0>, C4<0>;
v0xf38ff0_0 .net/2u *"_ivl_48", 2 0, L_0x7fd57ad607b8;  1 drivers
v0xf390d0_0 .net *"_ivl_50", 0 0, L_0xf77400;  1 drivers
L_0x7fd57ad60800 .functor BUFT 1, C4<0000000000000000>, C4<0>, C4<0>, C4<0>;
v0xf39190_0 .net/2u *"_ivl_52", 15 0, L_0x7fd57ad60800;  1 drivers
L_0x7fd57ad60848 .functor BUFT 1, C4<111>, C4<0>, C4<0>, C4<0>;
v0xf39270_0 .net/2u *"_ivl_56", 2 0, L_0x7fd57ad60848;  1 drivers
v0xf39350_0 .net *"_ivl_58", 0 0, L_0xf776e0;  1 drivers
L_0x7fd57ad60890 .functor BUFT 1, C4<0000000000000000>, C4<0>, C4<0>, C4<0>;
v0xf39410_0 .net/2u *"_ivl_60", 15 0, L_0x7fd57ad60890;  1 drivers
v0xf394f0_0 .net *"_ivl_64", 15 0, L_0xf772c0;  1 drivers
v0xf395d0_0 .net *"_ivl_66", 15 0, L_0xf77a70;  1 drivers
v0xf396b0_0 .net *"_ivl_68", 15 0, L_0xf77b30;  1 drivers
v0xf39790_0 .net *"_ivl_70", 15 0, L_0xf77c40;  1 drivers
v0xf39870_0 .net *"_ivl_72", 15 0, L_0xf77d80;  1 drivers
v0xf39950_0 .net *"_ivl_74", 15 0, L_0xf77e90;  1 drivers
v0xf39a30_0 .net *"_ivl_76", 15 0, L_0xf77fe0;  1 drivers
L_0x7fd57ad604e8 .functor BUFT 1, C4<001>, C4<0>, C4<0>, C4<0>;
v0xf39b10_0 .net/2u *"_ivl_8", 2 0, L_0x7fd57ad604e8;  1 drivers
v0xf39bf0_0 .net "a", 15 0, L_0xf74a50;  alias, 1 drivers
v0xf39cd0_0 .net "b", 15 0, L_0xf74c50;  alias, 1 drivers
v0xf39db0_0 .net "c", 15 0, L_0xf750f0;  alias, 1 drivers
v0xf39e90_0 .net "d", 15 0, L_0xf752f0;  alias, 1 drivers
v0xf39f70_0 .net "e", 15 0, L_0xf757a0;  alias, 1 drivers
v0xf3a050_0 .net "f", 15 0, L_0xf759a0;  alias, 1 drivers
v0xf3a130_0 .net "g", 15 0, L_0xf75e60;  alias, 1 drivers
v0xf3a210_0 .net "h", 15 0, L_0xf76060;  alias, 1 drivers
v0xf3a2f0_0 .net "out", 15 0, L_0xf780f0;  alias, 1 drivers
v0xf3a3d0_0 .net "out0", 15 0, L_0xf76620;  1 drivers
v0xf3a4b0_0 .net "out1", 15 0, L_0xf76800;  1 drivers
v0xf3a590_0 .net "out2", 15 0, L_0xf76a90;  1 drivers
v0xf3a670_0 .net "out3", 15 0, L_0xf76d00;  1 drivers
v0xf3a750_0 .net "out4", 15 0, L_0xf76fb0;  1 drivers
v0xf3a830_0 .net "out5", 15 0, L_0xf77220;  1 drivers
v0xf3a910_0 .net "out6", 15 0, L_0xf774f0;  1 drivers
v0xf3a9f0_0 .net "out7", 15 0, L_0xf777d0;  1 drivers
v0xf3aad0_0 .net "sel", 2 0, v0xf57840_0;  alias, 1 drivers
L_0xf76530 .cmp/eq 3, v0xf57840_0, L_0x7fd57ad60458;
L_0xf76620 .functor MUXZ 16, L_0x7fd57ad604a0, L_0xf74a50, L_0xf76530, C4<>;
L_0xf76760 .cmp/eq 3, v0xf57840_0, L_0x7fd57ad604e8;
L_0xf76800 .functor MUXZ 16, L_0x7fd57ad60530, L_0xf74c50, L_0xf76760, C4<>;
L_0xf769a0 .cmp/eq 3, v0xf57840_0, L_0x7fd57ad60578;
L_0xf76a90 .functor MUXZ 16, L_0x7fd57ad605c0, L_0xf750f0, L_0xf769a0, C4<>;
L_0xf76c10 .cmp/eq 3, v0xf57840_0, L_0x7fd57ad60608;
L_0xf76d00 .functor MUXZ 16, L_0x7fd57ad60650, L_0xf752f0, L_0xf76c10, C4<>;
L_0xf76ec0 .cmp/eq 3, v0xf57840_0, L_0x7fd57ad60698;
L_0xf76fb0 .functor MUXZ 16, L_0x7fd57ad606e0, L_0xf757a0, L_0xf76ec0, C4<>;
L_0xf77130 .cmp/eq 3, v0xf57840_0, L_0x7fd57ad60728;
L_0xf77220 .functor MUXZ 16, L_0x7fd57ad60770, L_0xf759a0, L_0xf77130, C4<>;
L_0xf77400 .cmp/eq 3, v0xf57840_0, L_0x7fd57ad607b8;
L_0xf774f0 .functor MUXZ 16, L_0x7fd57ad60800, L_0xf75e60, L_0xf77400, C4<>;
L_0xf776e0 .cmp/eq 3, v0xf57840_0, L_0x7fd57ad60848;
L_0xf777d0 .functor MUXZ 16, L_0x7fd57ad60890, L_0xf76060, L_0xf776e0, C4<>;
S_0xf3ad50 .scope module, "m3" "MUX81" 4 118, 4 130 0, S_0xf37cf0;
 .timescale -9 -12;
    .port_info 0 /INPUT 16 "a";
    .port_info 1 /INPUT 16 "b";
    .port_info 2 /INPUT 16 "c";
    .port_info 3 /INPUT 16 "d";
    .port_info 4 /INPUT 16 "e";
    .port_info 5 /INPUT 16 "f";
    .port_info 6 /INPUT 16 "g";
    .port_info 7 /INPUT 16 "h";
    .port_info 8 /INPUT 3 "sel";
    .port_info 9 /OUTPUT 16 "out";
L_0xf48b90 .functor OR 16, L_0xf78390, L_0xf78570, C4<0000000000000000>, C4<0000000000000000>;
L_0xf79620 .functor OR 16, L_0xf48b90, L_0xf78390, C4<0000000000000000>, C4<0000000000000000>;
L_0xf796e0 .functor OR 16, L_0xf79620, L_0xf78750, C4<0000000000000000>, C4<0000000000000000>;
L_0xf797f0 .functor OR 16, L_0xf796e0, L_0xf78930, C4<0000000000000000>, C4<0000000000000000>;
L_0xf79900 .functor OR 16, L_0xf797f0, L_0xf78b60, C4<0000000000000000>, C4<0000000000000000>;
L_0xf79a10 .functor OR 16, L_0xf79900, L_0xf78d50, C4<0000000000000000>, C4<0000000000000000>;
L_0xf79b20 .functor OR 16, L_0xf79a10, L_0xf79040, C4<0000000000000000>, C4<0000000000000000>;
L_0xf79c30 .functor OR 16, L_0xf79b20, L_0xf79330, C4<0000000000000000>, C4<0000000000000000>;
L_0x7fd57ad608d8 .functor BUFT 1, C4<000>, C4<0>, C4<0>, C4<0>;
v0xf3b000_0 .net/2u *"_ivl_0", 2 0, L_0x7fd57ad608d8;  1 drivers
v0xf3b0e0_0 .net *"_ivl_10", 0 0, L_0xf784d0;  1 drivers
L_0x7fd57ad609b0 .functor BUFT 1, C4<0000000000000000>, C4<0>, C4<0>, C4<0>;
v0xf3b1a0_0 .net/2u *"_ivl_12", 15 0, L_0x7fd57ad609b0;  1 drivers
L_0x7fd57ad609f8 .functor BUFT 1, C4<010>, C4<0>, C4<0>, C4<0>;
v0xf3b260_0 .net/2u *"_ivl_16", 2 0, L_0x7fd57ad609f8;  1 drivers
v0xf3b340_0 .net *"_ivl_18", 0 0, L_0xf78660;  1 drivers
v0xf3b450_0 .net *"_ivl_2", 0 0, L_0xf782a0;  1 drivers
L_0x7fd57ad60a40 .functor BUFT 1, C4<0000000000000000>, C4<0>, C4<0>, C4<0>;
v0xf3b510_0 .net/2u *"_ivl_20", 15 0, L_0x7fd57ad60a40;  1 drivers
L_0x7fd57ad60a88 .functor BUFT 1, C4<011>, C4<0>, C4<0>, C4<0>;
v0xf3b5f0_0 .net/2u *"_ivl_24", 2 0, L_0x7fd57ad60a88;  1 drivers
v0xf3b6d0_0 .net *"_ivl_26", 0 0, L_0xf78890;  1 drivers
L_0x7fd57ad60ad0 .functor BUFT 1, C4<0000000000000000>, C4<0>, C4<0>, C4<0>;
v0xf3b790_0 .net/2u *"_ivl_28", 15 0, L_0x7fd57ad60ad0;  1 drivers
L_0x7fd57ad60b18 .functor BUFT 1, C4<100>, C4<0>, C4<0>, C4<0>;
v0xf3b870_0 .net/2u *"_ivl_32", 2 0, L_0x7fd57ad60b18;  1 drivers
v0xf3b950_0 .net *"_ivl_34", 0 0, L_0xf78ac0;  1 drivers
L_0x7fd57ad60b60 .functor BUFT 1, C4<0000000000000000>, C4<0>, C4<0>, C4<0>;
v0xf3ba10_0 .net/2u *"_ivl_36", 15 0, L_0x7fd57ad60b60;  1 drivers
L_0x7fd57ad60920 .functor BUFT 1, C4<0000000000000000>, C4<0>, C4<0>, C4<0>;
v0xf3baf0_0 .net/2u *"_ivl_4", 15 0, L_0x7fd57ad60920;  1 drivers
L_0x7fd57ad60ba8 .functor BUFT 1, C4<101>, C4<0>, C4<0>, C4<0>;
v0xf3bbd0_0 .net/2u *"_ivl_40", 2 0, L_0x7fd57ad60ba8;  1 drivers
v0xf3bcb0_0 .net *"_ivl_42", 0 0, L_0xf78cb0;  1 drivers
L_0x7fd57ad60bf0 .functor BUFT 1, C4<0000000000000000>, C4<0>, C4<0>, C4<0>;
v0xf3bd70_0 .net/2u *"_ivl_44", 15 0, L_0x7fd57ad60bf0;  1 drivers
L_0x7fd57ad60c38 .functor BUFT 1, C4<110>, C4<0>, C4<0>, C4<0>;
v0xf3be50_0 .net/2u *"_ivl_48", 2 0, L_0x7fd57ad60c38;  1 drivers
v0xf3bf30_0 .net *"_ivl_50", 0 0, L_0xf78fa0;  1 drivers
L_0x7fd57ad60c80 .functor BUFT 1, C4<0000000000000000>, C4<0>, C4<0>, C4<0>;
v0xf3bff0_0 .net/2u *"_ivl_52", 15 0, L_0x7fd57ad60c80;  1 drivers
L_0x7fd57ad60cc8 .functor BUFT 1, C4<111>, C4<0>, C4<0>, C4<0>;
v0xf3c0d0_0 .net/2u *"_ivl_56", 2 0, L_0x7fd57ad60cc8;  1 drivers
v0xf3c1b0_0 .net *"_ivl_58", 0 0, L_0xf79290;  1 drivers
L_0x7fd57ad60d10 .functor BUFT 1, C4<0000000000000000>, C4<0>, C4<0>, C4<0>;
v0xf3c270_0 .net/2u *"_ivl_60", 15 0, L_0x7fd57ad60d10;  1 drivers
v0xf3c350_0 .net *"_ivl_64", 15 0, L_0xf48b90;  1 drivers
v0xf3c430_0 .net *"_ivl_66", 15 0, L_0xf79620;  1 drivers
v0xf3c510_0 .net *"_ivl_68", 15 0, L_0xf796e0;  1 drivers
v0xf3c5f0_0 .net *"_ivl_70", 15 0, L_0xf797f0;  1 drivers
v0xf3c6d0_0 .net *"_ivl_72", 15 0, L_0xf79900;  1 drivers
v0xf3c7b0_0 .net *"_ivl_74", 15 0, L_0xf79a10;  1 drivers
v0xf3c890_0 .net *"_ivl_76", 15 0, L_0xf79b20;  1 drivers
L_0x7fd57ad60968 .functor BUFT 1, C4<001>, C4<0>, C4<0>, C4<0>;
v0xf3c970_0 .net/2u *"_ivl_8", 2 0, L_0x7fd57ad60968;  1 drivers
v0xf3ca50_0 .net "a", 15 0, L_0xf74a50;  alias, 1 drivers
v0xf3cb10_0 .net "b", 15 0, L_0xf74c50;  alias, 1 drivers
v0xf3cdc0_0 .net "c", 15 0, L_0xf750f0;  alias, 1 drivers
v0xf3ce60_0 .net "d", 15 0, L_0xf752f0;  alias, 1 drivers
v0xf3cf30_0 .net "e", 15 0, L_0xf757a0;  alias, 1 drivers
v0xf3d000_0 .net "f", 15 0, L_0xf759a0;  alias, 1 drivers
v0xf3d0d0_0 .net "g", 15 0, L_0xf75e60;  alias, 1 drivers
v0xf3d1a0_0 .net "h", 15 0, L_0xf76060;  alias, 1 drivers
v0xf3d270_0 .net "out", 15 0, L_0xf79c30;  alias, 1 drivers
v0xf3d330_0 .net "out0", 15 0, L_0xf78390;  1 drivers
v0xf3d410_0 .net "out1", 15 0, L_0xf78570;  1 drivers
v0xf3d4f0_0 .net "out2", 15 0, L_0xf78750;  1 drivers
v0xf3d5d0_0 .net "out3", 15 0, L_0xf78930;  1 drivers
v0xf3d6b0_0 .net "out4", 15 0, L_0xf78b60;  1 drivers
v0xf3d790_0 .net "out5", 15 0, L_0xf78d50;  1 drivers
v0xf3d870_0 .net "out6", 15 0, L_0xf79040;  1 drivers
v0xf3d950_0 .net "out7", 15 0, L_0xf79330;  1 drivers
v0xf3da30_0 .net "sel", 2 0, v0xf57bf0_0;  alias, 1 drivers
L_0xf782a0 .cmp/eq 3, v0xf57bf0_0, L_0x7fd57ad608d8;
L_0xf78390 .functor MUXZ 16, L_0x7fd57ad60920, L_0xf74a50, L_0xf782a0, C4<>;
L_0xf784d0 .cmp/eq 3, v0xf57bf0_0, L_0x7fd57ad60968;
L_0xf78570 .functor MUXZ 16, L_0x7fd57ad609b0, L_0xf74c50, L_0xf784d0, C4<>;
L_0xf78660 .cmp/eq 3, v0xf57bf0_0, L_0x7fd57ad609f8;
L_0xf78750 .functor MUXZ 16, L_0x7fd57ad60a40, L_0xf750f0, L_0xf78660, C4<>;
L_0xf78890 .cmp/eq 3, v0xf57bf0_0, L_0x7fd57ad60a88;
L_0xf78930 .functor MUXZ 16, L_0x7fd57ad60ad0, L_0xf752f0, L_0xf78890, C4<>;
L_0xf78ac0 .cmp/eq 3, v0xf57bf0_0, L_0x7fd57ad60b18;
L_0xf78b60 .functor MUXZ 16, L_0x7fd57ad60b60, L_0xf757a0, L_0xf78ac0, C4<>;
L_0xf78cb0 .cmp/eq 3, v0xf57bf0_0, L_0x7fd57ad60ba8;
L_0xf78d50 .functor MUXZ 16, L_0x7fd57ad60bf0, L_0xf759a0, L_0xf78cb0, C4<>;
L_0xf78fa0 .cmp/eq 3, v0xf57bf0_0, L_0x7fd57ad60c38;
L_0xf79040 .functor MUXZ 16, L_0x7fd57ad60c80, L_0xf75e60, L_0xf78fa0, C4<>;
L_0xf79290 .cmp/eq 3, v0xf57bf0_0, L_0x7fd57ad60cc8;
L_0xf79330 .functor MUXZ 16, L_0x7fd57ad60d10, L_0xf76060, L_0xf79290, C4<>;
S_0xf3dcb0 .scope module, "m4" "MUX81" 4 119, 4 130 0, S_0xf37cf0;
 .timescale -9 -12;
    .port_info 0 /INPUT 16 "a";
    .port_info 1 /INPUT 16 "b";
    .port_info 2 /INPUT 16 "c";
    .port_info 3 /INPUT 16 "d";
    .port_info 4 /INPUT 16 "e";
    .port_info 5 /INPUT 16 "f";
    .port_info 6 /INPUT 16 "g";
    .port_info 7 /INPUT 16 "h";
    .port_info 8 /INPUT 3 "sel";
    .port_info 9 /OUTPUT 16 "out";
L_0xf7ab80 .functor OR 16, L_0xf79ed0, L_0xf7a0b0, C4<0000000000000000>, C4<0000000000000000>;
L_0xf7b2a0 .functor OR 16, L_0xf7ab80, L_0xf79ed0, C4<0000000000000000>, C4<0000000000000000>;
L_0xf7b360 .functor OR 16, L_0xf7b2a0, L_0xf7a2e0, C4<0000000000000000>, C4<0000000000000000>;
L_0xf7b470 .functor OR 16, L_0xf7b360, L_0xf7a510, C4<0000000000000000>, C4<0000000000000000>;
L_0xf7b580 .functor OR 16, L_0xf7b470, L_0xf7a790, C4<0000000000000000>, C4<0000000000000000>;
L_0xf7b690 .functor OR 16, L_0xf7b580, L_0xf7aae0, C4<0000000000000000>, C4<0000000000000000>;
L_0xf7b7a0 .functor OR 16, L_0xf7b690, L_0xf7ad80, C4<0000000000000000>, C4<0000000000000000>;
L_0xf7b8b0 .functor OR 16, L_0xf7b7a0, L_0xf7b030, C4<0000000000000000>, C4<0000000000000000>;
L_0x7fd57ad60d58 .functor BUFT 1, C4<000>, C4<0>, C4<0>, C4<0>;
v0xf3df70_0 .net/2u *"_ivl_0", 2 0, L_0x7fd57ad60d58;  1 drivers
v0xf3e050_0 .net *"_ivl_10", 0 0, L_0xf7a010;  1 drivers
L_0x7fd57ad60e30 .functor BUFT 1, C4<0000000000000000>, C4<0>, C4<0>, C4<0>;
v0xf3e110_0 .net/2u *"_ivl_12", 15 0, L_0x7fd57ad60e30;  1 drivers
L_0x7fd57ad60e78 .functor BUFT 1, C4<010>, C4<0>, C4<0>, C4<0>;
v0xf3e200_0 .net/2u *"_ivl_16", 2 0, L_0x7fd57ad60e78;  1 drivers
v0xf3e2e0_0 .net *"_ivl_18", 0 0, L_0xf7a1f0;  1 drivers
v0xf3e3f0_0 .net *"_ivl_2", 0 0, L_0xf79de0;  1 drivers
L_0x7fd57ad60ec0 .functor BUFT 1, C4<0000000000000000>, C4<0>, C4<0>, C4<0>;
v0xf3e4b0_0 .net/2u *"_ivl_20", 15 0, L_0x7fd57ad60ec0;  1 drivers
L_0x7fd57ad60f08 .functor BUFT 1, C4<011>, C4<0>, C4<0>, C4<0>;
v0xf3e590_0 .net/2u *"_ivl_24", 2 0, L_0x7fd57ad60f08;  1 drivers
v0xf3e670_0 .net *"_ivl_26", 0 0, L_0xf7a420;  1 drivers
L_0x7fd57ad60f50 .functor BUFT 1, C4<0000000000000000>, C4<0>, C4<0>, C4<0>;
v0xf3e730_0 .net/2u *"_ivl_28", 15 0, L_0x7fd57ad60f50;  1 drivers
L_0x7fd57ad60f98 .functor BUFT 1, C4<100>, C4<0>, C4<0>, C4<0>;
v0xf3e810_0 .net/2u *"_ivl_32", 2 0, L_0x7fd57ad60f98;  1 drivers
v0xf3e8f0_0 .net *"_ivl_34", 0 0, L_0xf7a6a0;  1 drivers
L_0x7fd57ad60fe0 .functor BUFT 1, C4<0000000000000000>, C4<0>, C4<0>, C4<0>;
v0xf3e9b0_0 .net/2u *"_ivl_36", 15 0, L_0x7fd57ad60fe0;  1 drivers
L_0x7fd57ad60da0 .functor BUFT 1, C4<0000000000000000>, C4<0>, C4<0>, C4<0>;
v0xf3ea90_0 .net/2u *"_ivl_4", 15 0, L_0x7fd57ad60da0;  1 drivers
L_0x7fd57ad61028 .functor BUFT 1, C4<101>, C4<0>, C4<0>, C4<0>;
v0xf3eb70_0 .net/2u *"_ivl_40", 2 0, L_0x7fd57ad61028;  1 drivers
v0xf3ec50_0 .net *"_ivl_42", 0 0, L_0xf7a8e0;  1 drivers
L_0x7fd57ad61070 .functor BUFT 1, C4<0000000000000000>, C4<0>, C4<0>, C4<0>;
v0xf3ed10_0 .net/2u *"_ivl_44", 15 0, L_0x7fd57ad61070;  1 drivers
L_0x7fd57ad610b8 .functor BUFT 1, C4<110>, C4<0>, C4<0>, C4<0>;
v0xf3edf0_0 .net/2u *"_ivl_48", 2 0, L_0x7fd57ad610b8;  1 drivers
v0xf3eed0_0 .net *"_ivl_50", 0 0, L_0xf7ac90;  1 drivers
L_0x7fd57ad61100 .functor BUFT 1, C4<0000000000000000>, C4<0>, C4<0>, C4<0>;
v0xf3ef90_0 .net/2u *"_ivl_52", 15 0, L_0x7fd57ad61100;  1 drivers
L_0x7fd57ad61148 .functor BUFT 1, C4<111>, C4<0>, C4<0>, C4<0>;
v0xf3f070_0 .net/2u *"_ivl_56", 2 0, L_0x7fd57ad61148;  1 drivers
v0xf3f150_0 .net *"_ivl_58", 0 0, L_0xf7af40;  1 drivers
L_0x7fd57ad61190 .functor BUFT 1, C4<0000000000000000>, C4<0>, C4<0>, C4<0>;
v0xf3f210_0 .net/2u *"_ivl_60", 15 0, L_0x7fd57ad61190;  1 drivers
v0xf3f2f0_0 .net *"_ivl_64", 15 0, L_0xf7ab80;  1 drivers
v0xf3f3d0_0 .net *"_ivl_66", 15 0, L_0xf7b2a0;  1 drivers
v0xf3f4b0_0 .net *"_ivl_68", 15 0, L_0xf7b360;  1 drivers
v0xf3f590_0 .net *"_ivl_70", 15 0, L_0xf7b470;  1 drivers
v0xf3f670_0 .net *"_ivl_72", 15 0, L_0xf7b580;  1 drivers
v0xf3f750_0 .net *"_ivl_74", 15 0, L_0xf7b690;  1 drivers
v0xf3f830_0 .net *"_ivl_76", 15 0, L_0xf7b7a0;  1 drivers
L_0x7fd57ad60de8 .functor BUFT 1, C4<001>, C4<0>, C4<0>, C4<0>;
v0xf3f910_0 .net/2u *"_ivl_8", 2 0, L_0x7fd57ad60de8;  1 drivers
v0xf3f9f0_0 .net "a", 15 0, L_0xf74a50;  alias, 1 drivers
v0xf3fab0_0 .net "b", 15 0, L_0xf74c50;  alias, 1 drivers
v0xf3fdd0_0 .net "c", 15 0, L_0xf750f0;  alias, 1 drivers
v0xf3fee0_0 .net "d", 15 0, L_0xf752f0;  alias, 1 drivers
v0xf3fff0_0 .net "e", 15 0, L_0xf757a0;  alias, 1 drivers
v0xf40100_0 .net "f", 15 0, L_0xf759a0;  alias, 1 drivers
v0xf40210_0 .net "g", 15 0, L_0xf75e60;  alias, 1 drivers
v0xf40320_0 .net "h", 15 0, L_0xf76060;  alias, 1 drivers
v0xf40430_0 .net "out", 15 0, L_0xf7b8b0;  alias, 1 drivers
v0xf40510_0 .net "out0", 15 0, L_0xf79ed0;  1 drivers
v0xf405f0_0 .net "out1", 15 0, L_0xf7a0b0;  1 drivers
v0xf406d0_0 .net "out2", 15 0, L_0xf7a2e0;  1 drivers
v0xf407b0_0 .net "out3", 15 0, L_0xf7a510;  1 drivers
v0xf40890_0 .net "out4", 15 0, L_0xf7a790;  1 drivers
v0xf40970_0 .net "out5", 15 0, L_0xf7aae0;  1 drivers
v0xf40a50_0 .net "out6", 15 0, L_0xf7ad80;  1 drivers
v0xf40b30_0 .net "out7", 15 0, L_0xf7b030;  1 drivers
v0xf40c10_0 .net "sel", 2 0, v0xf578e0_0;  alias, 1 drivers
L_0xf79de0 .cmp/eq 3, v0xf578e0_0, L_0x7fd57ad60d58;
L_0xf79ed0 .functor MUXZ 16, L_0x7fd57ad60da0, L_0xf74a50, L_0xf79de0, C4<>;
L_0xf7a010 .cmp/eq 3, v0xf578e0_0, L_0x7fd57ad60de8;
L_0xf7a0b0 .functor MUXZ 16, L_0x7fd57ad60e30, L_0xf74c50, L_0xf7a010, C4<>;
L_0xf7a1f0 .cmp/eq 3, v0xf578e0_0, L_0x7fd57ad60e78;
L_0xf7a2e0 .functor MUXZ 16, L_0x7fd57ad60ec0, L_0xf750f0, L_0xf7a1f0, C4<>;
L_0xf7a420 .cmp/eq 3, v0xf578e0_0, L_0x7fd57ad60f08;
L_0xf7a510 .functor MUXZ 16, L_0x7fd57ad60f50, L_0xf752f0, L_0xf7a420, C4<>;
L_0xf7a6a0 .cmp/eq 3, v0xf578e0_0, L_0x7fd57ad60f98;
L_0xf7a790 .functor MUXZ 16, L_0x7fd57ad60fe0, L_0xf757a0, L_0xf7a6a0, C4<>;
L_0xf7a8e0 .cmp/eq 3, v0xf578e0_0, L_0x7fd57ad61028;
L_0xf7aae0 .functor MUXZ 16, L_0x7fd57ad61070, L_0xf759a0, L_0xf7a8e0, C4<>;
L_0xf7ac90 .cmp/eq 3, v0xf578e0_0, L_0x7fd57ad610b8;
L_0xf7ad80 .functor MUXZ 16, L_0x7fd57ad61100, L_0xf75e60, L_0xf7ac90, C4<>;
L_0xf7af40 .cmp/eq 3, v0xf578e0_0, L_0x7fd57ad61148;
L_0xf7b030 .functor MUXZ 16, L_0x7fd57ad61190, L_0xf76060, L_0xf7af40, C4<>;
S_0xf40e90 .scope module, "m5" "MUX81" 4 120, 4 130 0, S_0xf37cf0;
 .timescale -9 -12;
    .port_info 0 /INPUT 16 "a";
    .port_info 1 /INPUT 16 "b";
    .port_info 2 /INPUT 16 "c";
    .port_info 3 /INPUT 16 "d";
    .port_info 4 /INPUT 16 "e";
    .port_info 5 /INPUT 16 "f";
    .port_info 6 /INPUT 16 "g";
    .port_info 7 /INPUT 16 "h";
    .port_info 8 /INPUT 3 "sel";
    .port_info 9 /OUTPUT 16 "out";
L_0xf7d010 .functor OR 16, L_0xf7bb50, L_0xf7bd30, C4<0000000000000000>, C4<0000000000000000>;
L_0xf7d730 .functor OR 16, L_0xf7d010, L_0xf7bb50, C4<0000000000000000>, C4<0000000000000000>;
L_0xf7d7f0 .functor OR 16, L_0xf7d730, L_0xf7bf60, C4<0000000000000000>, C4<0000000000000000>;
L_0xf7d900 .functor OR 16, L_0xf7d7f0, L_0xf7c190, C4<0000000000000000>, C4<0000000000000000>;
L_0xf7da10 .functor OR 16, L_0xf7d900, L_0xf7cc20, C4<0000000000000000>, C4<0000000000000000>;
L_0xf7db20 .functor OR 16, L_0xf7da10, L_0xf7cf70, C4<0000000000000000>, C4<0000000000000000>;
L_0xf7dc30 .functor OR 16, L_0xf7db20, L_0xf7d210, C4<0000000000000000>, C4<0000000000000000>;
L_0xf7dd40 .functor OR 16, L_0xf7dc30, L_0xf7d4c0, C4<0000000000000000>, C4<0000000000000000>;
L_0x7fd57ad611d8 .functor BUFT 1, C4<000>, C4<0>, C4<0>, C4<0>;
v0xf41170_0 .net/2u *"_ivl_0", 2 0, L_0x7fd57ad611d8;  1 drivers
v0xf41270_0 .net *"_ivl_10", 0 0, L_0xf7bc90;  1 drivers
L_0x7fd57ad612b0 .functor BUFT 1, C4<0000000000000000>, C4<0>, C4<0>, C4<0>;
v0xf41330_0 .net/2u *"_ivl_12", 15 0, L_0x7fd57ad612b0;  1 drivers
L_0x7fd57ad612f8 .functor BUFT 1, C4<010>, C4<0>, C4<0>, C4<0>;
v0xf413f0_0 .net/2u *"_ivl_16", 2 0, L_0x7fd57ad612f8;  1 drivers
v0xf414d0_0 .net *"_ivl_18", 0 0, L_0xf7be70;  1 drivers
v0xf415e0_0 .net *"_ivl_2", 0 0, L_0xf7ba60;  1 drivers
L_0x7fd57ad61340 .functor BUFT 1, C4<0000000000000000>, C4<0>, C4<0>, C4<0>;
v0xf416a0_0 .net/2u *"_ivl_20", 15 0, L_0x7fd57ad61340;  1 drivers
L_0x7fd57ad61388 .functor BUFT 1, C4<011>, C4<0>, C4<0>, C4<0>;
v0xf41780_0 .net/2u *"_ivl_24", 2 0, L_0x7fd57ad61388;  1 drivers
v0xf41860_0 .net *"_ivl_26", 0 0, L_0xf7c0a0;  1 drivers
L_0x7fd57ad613d0 .functor BUFT 1, C4<0000000000000000>, C4<0>, C4<0>, C4<0>;
v0xf41920_0 .net/2u *"_ivl_28", 15 0, L_0x7fd57ad613d0;  1 drivers
L_0x7fd57ad61418 .functor BUFT 1, C4<100>, C4<0>, C4<0>, C4<0>;
v0xf41a00_0 .net/2u *"_ivl_32", 2 0, L_0x7fd57ad61418;  1 drivers
v0xf41ae0_0 .net *"_ivl_34", 0 0, L_0xf7cb30;  1 drivers
L_0x7fd57ad61460 .functor BUFT 1, C4<0000000000000000>, C4<0>, C4<0>, C4<0>;
v0xf41ba0_0 .net/2u *"_ivl_36", 15 0, L_0x7fd57ad61460;  1 drivers
L_0x7fd57ad61220 .functor BUFT 1, C4<0000000000000000>, C4<0>, C4<0>, C4<0>;
v0xf41c80_0 .net/2u *"_ivl_4", 15 0, L_0x7fd57ad61220;  1 drivers
L_0x7fd57ad614a8 .functor BUFT 1, C4<101>, C4<0>, C4<0>, C4<0>;
v0xf41d60_0 .net/2u *"_ivl_40", 2 0, L_0x7fd57ad614a8;  1 drivers
v0xf41e40_0 .net *"_ivl_42", 0 0, L_0xf7cd70;  1 drivers
L_0x7fd57ad614f0 .functor BUFT 1, C4<0000000000000000>, C4<0>, C4<0>, C4<0>;
v0xf41f00_0 .net/2u *"_ivl_44", 15 0, L_0x7fd57ad614f0;  1 drivers
L_0x7fd57ad61538 .functor BUFT 1, C4<110>, C4<0>, C4<0>, C4<0>;
v0xf41fe0_0 .net/2u *"_ivl_48", 2 0, L_0x7fd57ad61538;  1 drivers
v0xf420c0_0 .net *"_ivl_50", 0 0, L_0xf7d120;  1 drivers
L_0x7fd57ad61580 .functor BUFT 1, C4<0000000000000000>, C4<0>, C4<0>, C4<0>;
v0xf42180_0 .net/2u *"_ivl_52", 15 0, L_0x7fd57ad61580;  1 drivers
L_0x7fd57ad615c8 .functor BUFT 1, C4<111>, C4<0>, C4<0>, C4<0>;
v0xf42260_0 .net/2u *"_ivl_56", 2 0, L_0x7fd57ad615c8;  1 drivers
v0xf42340_0 .net *"_ivl_58", 0 0, L_0xf7d3d0;  1 drivers
L_0x7fd57ad61610 .functor BUFT 1, C4<0000000000000000>, C4<0>, C4<0>, C4<0>;
v0xf42400_0 .net/2u *"_ivl_60", 15 0, L_0x7fd57ad61610;  1 drivers
v0xf424e0_0 .net *"_ivl_64", 15 0, L_0xf7d010;  1 drivers
v0xf425c0_0 .net *"_ivl_66", 15 0, L_0xf7d730;  1 drivers
v0xf426a0_0 .net *"_ivl_68", 15 0, L_0xf7d7f0;  1 drivers
v0xf42780_0 .net *"_ivl_70", 15 0, L_0xf7d900;  1 drivers
v0xf42860_0 .net *"_ivl_72", 15 0, L_0xf7da10;  1 drivers
v0xf42940_0 .net *"_ivl_74", 15 0, L_0xf7db20;  1 drivers
v0xf42a20_0 .net *"_ivl_76", 15 0, L_0xf7dc30;  1 drivers
L_0x7fd57ad61268 .functor BUFT 1, C4<001>, C4<0>, C4<0>, C4<0>;
v0xf42b00_0 .net/2u *"_ivl_8", 2 0, L_0x7fd57ad61268;  1 drivers
v0xf42be0_0 .net "a", 15 0, L_0xf74a50;  alias, 1 drivers
v0xf42ca0_0 .net "b", 15 0, L_0xf74c50;  alias, 1 drivers
v0xf42f70_0 .net "c", 15 0, L_0xf750f0;  alias, 1 drivers
v0xf43030_0 .net "d", 15 0, L_0xf752f0;  alias, 1 drivers
v0xf430f0_0 .net "e", 15 0, L_0xf757a0;  alias, 1 drivers
v0xf431b0_0 .net "f", 15 0, L_0xf759a0;  alias, 1 drivers
v0xf43270_0 .net "g", 15 0, L_0xf75e60;  alias, 1 drivers
v0xf43330_0 .net "h", 15 0, L_0xf76060;  alias, 1 drivers
v0xf433f0_0 .net "out", 15 0, L_0xf7dd40;  alias, 1 drivers
v0xf434d0_0 .net "out0", 15 0, L_0xf7bb50;  1 drivers
v0xf435b0_0 .net "out1", 15 0, L_0xf7bd30;  1 drivers
v0xf43690_0 .net "out2", 15 0, L_0xf7bf60;  1 drivers
v0xf43770_0 .net "out3", 15 0, L_0xf7c190;  1 drivers
v0xf43850_0 .net "out4", 15 0, L_0xf7cc20;  1 drivers
v0xf43930_0 .net "out5", 15 0, L_0xf7cf70;  1 drivers
v0xf43a10_0 .net "out6", 15 0, L_0xf7d210;  1 drivers
v0xf43af0_0 .net "out7", 15 0, L_0xf7d4c0;  1 drivers
v0xf43bd0_0 .net "sel", 2 0, v0xf57df0_0;  alias, 1 drivers
L_0xf7ba60 .cmp/eq 3, v0xf57df0_0, L_0x7fd57ad611d8;
L_0xf7bb50 .functor MUXZ 16, L_0x7fd57ad61220, L_0xf74a50, L_0xf7ba60, C4<>;
L_0xf7bc90 .cmp/eq 3, v0xf57df0_0, L_0x7fd57ad61268;
L_0xf7bd30 .functor MUXZ 16, L_0x7fd57ad612b0, L_0xf74c50, L_0xf7bc90, C4<>;
L_0xf7be70 .cmp/eq 3, v0xf57df0_0, L_0x7fd57ad612f8;
L_0xf7bf60 .functor MUXZ 16, L_0x7fd57ad61340, L_0xf750f0, L_0xf7be70, C4<>;
L_0xf7c0a0 .cmp/eq 3, v0xf57df0_0, L_0x7fd57ad61388;
L_0xf7c190 .functor MUXZ 16, L_0x7fd57ad613d0, L_0xf752f0, L_0xf7c0a0, C4<>;
L_0xf7cb30 .cmp/eq 3, v0xf57df0_0, L_0x7fd57ad61418;
L_0xf7cc20 .functor MUXZ 16, L_0x7fd57ad61460, L_0xf757a0, L_0xf7cb30, C4<>;
L_0xf7cd70 .cmp/eq 3, v0xf57df0_0, L_0x7fd57ad614a8;
L_0xf7cf70 .functor MUXZ 16, L_0x7fd57ad614f0, L_0xf759a0, L_0xf7cd70, C4<>;
L_0xf7d120 .cmp/eq 3, v0xf57df0_0, L_0x7fd57ad61538;
L_0xf7d210 .functor MUXZ 16, L_0x7fd57ad61580, L_0xf75e60, L_0xf7d120, C4<>;
L_0xf7d3d0 .cmp/eq 3, v0xf57df0_0, L_0x7fd57ad615c8;
L_0xf7d4c0 .functor MUXZ 16, L_0x7fd57ad61610, L_0xf76060, L_0xf7d3d0, C4<>;
S_0xf43e50 .scope module, "r0" "Nbit_reg" 4 108, 5 14 0, S_0xf37cf0;
 .timescale -9 -12;
    .port_info 0 /INPUT 16 "in";
    .port_info 1 /OUTPUT 16 "out";
    .port_info 2 /INPUT 1 "clk";
    .port_info 3 /INPUT 1 "we";
    .port_info 4 /INPUT 1 "gwe";
    .port_info 5 /INPUT 1 "rst";
P_0xf38880 .param/l "n" 0 5 14, +C4<00000000000000000000000000010000>;
P_0xf388c0 .param/l "r" 0 5 14, +C4<00000000000000000000000000000000>;
L_0xf74a50/d .functor BUFZ 16, v0xf44620_0, C4<0000000000000000>, C4<0000000000000000>, C4<0000000000000000>;
L_0xf74a50 .delay 16 (1000,1000,1000) L_0xf74a50/d;
v0xf44240_0 .net "clk", 0 0, v0xf56f20_0;  alias, 1 drivers
v0xf44320_0 .net "gwe", 0 0, v0xf57450_0;  alias, 1 drivers
v0xf443e0_0 .net "in", 15 0, L_0xf68a40;  alias, 1 drivers
v0xf444a0_0 .net "out", 15 0, L_0xf74a50;  alias, 1 drivers
v0xf44560_0 .net "rst", 0 0, v0xf57b50_0;  alias, 1 drivers
v0xf44620_0 .var "state", 15 0;
v0xf44700_0 .net "we", 0 0, L_0xf74b60;  1 drivers
E_0xe91bb0 .event posedge, v0xf44240_0;
S_0xf44880 .scope module, "r1" "Nbit_reg" 4 109, 5 14 0, S_0xf37cf0;
 .timescale -9 -12;
    .port_info 0 /INPUT 16 "in";
    .port_info 1 /OUTPUT 16 "out";
    .port_info 2 /INPUT 1 "clk";
    .port_info 3 /INPUT 1 "we";
    .port_info 4 /INPUT 1 "gwe";
    .port_info 5 /INPUT 1 "rst";
P_0xf44a60 .param/l "n" 0 5 14, +C4<00000000000000000000000000010000>;
P_0xf44aa0 .param/l "r" 0 5 14, +C4<00000000000000000000000000000000>;
L_0xf74c50/d .functor BUFZ 16, v0xf45000_0, C4<0000000000000000>, C4<0000000000000000>, C4<0000000000000000>;
L_0xf74c50 .delay 16 (1000,1000,1000) L_0xf74c50/d;
v0xf44cc0_0 .net "clk", 0 0, v0xf56f20_0;  alias, 1 drivers
v0xf44d80_0 .net "gwe", 0 0, v0xf57450_0;  alias, 1 drivers
v0xf44e20_0 .net "in", 15 0, L_0xf690a0;  alias, 1 drivers
v0xf44ec0_0 .net "out", 15 0, L_0xf74c50;  alias, 1 drivers
v0xf44f60_0 .net "rst", 0 0, v0xf57b50_0;  alias, 1 drivers
v0xf45000_0 .var "state", 15 0;
v0xf450c0_0 .net "we", 0 0, L_0xf74d60;  1 drivers
S_0xf45240 .scope module, "r2" "Nbit_reg" 4 110, 5 14 0, S_0xf37cf0;
 .timescale -9 -12;
    .port_info 0 /INPUT 16 "in";
    .port_info 1 /OUTPUT 16 "out";
    .port_info 2 /INPUT 1 "clk";
    .port_info 3 /INPUT 1 "we";
    .port_info 4 /INPUT 1 "gwe";
    .port_info 5 /INPUT 1 "rst";
P_0xf45420 .param/l "n" 0 5 14, +C4<00000000000000000000000000010000>;
P_0xf45460 .param/l "r" 0 5 14, +C4<00000000000000000000000000000000>;
L_0xf750f0/d .functor BUFZ 16, v0xf45af0_0, C4<0000000000000000>, C4<0000000000000000>, C4<0000000000000000>;
L_0xf750f0 .delay 16 (1000,1000,1000) L_0xf750f0/d;
v0xf45680_0 .net "clk", 0 0, v0xf56f20_0;  alias, 1 drivers
v0xf45790_0 .net "gwe", 0 0, v0xf57450_0;  alias, 1 drivers
v0xf458a0_0 .net "in", 15 0, L_0xf69670;  alias, 1 drivers
v0xf45940_0 .net "out", 15 0, L_0xf750f0;  alias, 1 drivers
v0xf45a00_0 .net "rst", 0 0, v0xf57b50_0;  alias, 1 drivers
v0xf45af0_0 .var "state", 15 0;
v0xf45bd0_0 .net "we", 0 0, L_0xf75200;  1 drivers
S_0xf45d50 .scope module, "r3" "Nbit_reg" 4 111, 5 14 0, S_0xf37cf0;
 .timescale -9 -12;
    .port_info 0 /INPUT 16 "in";
    .port_info 1 /OUTPUT 16 "out";
    .port_info 2 /INPUT 1 "clk";
    .port_info 3 /INPUT 1 "we";
    .port_info 4 /INPUT 1 "gwe";
    .port_info 5 /INPUT 1 "rst";
P_0xf45f30 .param/l "n" 0 5 14, +C4<00000000000000000000000000010000>;
P_0xf45f70 .param/l "r" 0 5 14, +C4<00000000000000000000000000000000>;
L_0xf752f0/d .functor BUFZ 16, v0xf46510_0, C4<0000000000000000>, C4<0000000000000000>, C4<0000000000000000>;
L_0xf752f0 .delay 16 (1000,1000,1000) L_0xf752f0/d;
v0xf46190_0 .net "clk", 0 0, v0xf56f20_0;  alias, 1 drivers
v0xf46250_0 .net "gwe", 0 0, v0xf57450_0;  alias, 1 drivers
v0xf46310_0 .net "in", 15 0, L_0xf69ca0;  alias, 1 drivers
v0xf463b0_0 .net "out", 15 0, L_0xf752f0;  alias, 1 drivers
v0xf46470_0 .net "rst", 0 0, v0xf57b50_0;  alias, 1 drivers
v0xf46510_0 .var "state", 15 0;
v0xf465f0_0 .net "we", 0 0, L_0xf75400;  1 drivers
S_0xf46770 .scope module, "r4" "Nbit_reg" 4 112, 5 14 0, S_0xf37cf0;
 .timescale -9 -12;
    .port_info 0 /INPUT 16 "in";
    .port_info 1 /OUTPUT 16 "out";
    .port_info 2 /INPUT 1 "clk";
    .port_info 3 /INPUT 1 "we";
    .port_info 4 /INPUT 1 "gwe";
    .port_info 5 /INPUT 1 "rst";
P_0xf469e0 .param/l "n" 0 5 14, +C4<00000000000000000000000000010000>;
P_0xf46a20 .param/l "r" 0 5 14, +C4<00000000000000000000000000000000>;
L_0xf757a0/d .functor BUFZ 16, v0xf471a0_0, C4<0000000000000000>, C4<0000000000000000>, C4<0000000000000000>;
L_0xf757a0 .delay 16 (1000,1000,1000) L_0xf757a0/d;
v0xf46c40_0 .net "clk", 0 0, v0xf56f20_0;  alias, 1 drivers
v0xf46d00_0 .net "gwe", 0 0, v0xf57450_0;  alias, 1 drivers
v0xf46e50_0 .net "in", 15 0, L_0xf6a410;  alias, 1 drivers
v0xf46f20_0 .net "out", 15 0, L_0xf757a0;  alias, 1 drivers
v0xf47070_0 .net "rst", 0 0, v0xf57b50_0;  alias, 1 drivers
v0xf471a0_0 .var "state", 15 0;
v0xf47280_0 .net "we", 0 0, L_0xf758b0;  1 drivers
S_0xf47440 .scope module, "r5" "Nbit_reg" 4 113, 5 14 0, S_0xf37cf0;
 .timescale -9 -12;
    .port_info 0 /INPUT 16 "in";
    .port_info 1 /OUTPUT 16 "out";
    .port_info 2 /INPUT 1 "clk";
    .port_info 3 /INPUT 1 "we";
    .port_info 4 /INPUT 1 "gwe";
    .port_info 5 /INPUT 1 "rst";
P_0xf475d0 .param/l "n" 0 5 14, +C4<00000000000000000000000000010000>;
P_0xf47610 .param/l "r" 0 5 14, +C4<00000000000000000000000000000000>;
L_0xf759a0/d .functor BUFZ 16, v0xf47c10_0, C4<0000000000000000>, C4<0000000000000000>, C4<0000000000000000>;
L_0xf759a0 .delay 16 (1000,1000,1000) L_0xf759a0/d;
v0xf47860_0 .net "clk", 0 0, v0xf56f20_0;  alias, 1 drivers
v0xf47920_0 .net "gwe", 0 0, v0xf57450_0;  alias, 1 drivers
v0xf479e0_0 .net "in", 15 0, L_0xf6ac90;  alias, 1 drivers
v0xf47ab0_0 .net "out", 15 0, L_0xf759a0;  alias, 1 drivers
v0xf47b70_0 .net "rst", 0 0, v0xf57b50_0;  alias, 1 drivers
v0xf47c10_0 .var "state", 15 0;
v0xf47cf0_0 .net "we", 0 0, L_0xf75ab0;  1 drivers
S_0xf47eb0 .scope module, "r6" "Nbit_reg" 4 114, 5 14 0, S_0xf37cf0;
 .timescale -9 -12;
    .port_info 0 /INPUT 16 "in";
    .port_info 1 /OUTPUT 16 "out";
    .port_info 2 /INPUT 1 "clk";
    .port_info 3 /INPUT 1 "we";
    .port_info 4 /INPUT 1 "gwe";
    .port_info 5 /INPUT 1 "rst";
P_0xf48040 .param/l "n" 0 5 14, +C4<00000000000000000000000000010000>;
P_0xf48080 .param/l "r" 0 5 14, +C4<00000000000000000000000000000000>;
L_0xf75e60/d .functor BUFZ 16, v0xf48680_0, C4<0000000000000000>, C4<0000000000000000>, C4<0000000000000000>;
L_0xf75e60 .delay 16 (1000,1000,1000) L_0xf75e60/d;
v0xf482d0_0 .net "clk", 0 0, v0xf56f20_0;  alias, 1 drivers
v0xf48390_0 .net "gwe", 0 0, v0xf57450_0;  alias, 1 drivers
v0xf48450_0 .net "in", 15 0, L_0xf6ba40;  alias, 1 drivers
v0xf48520_0 .net "out", 15 0, L_0xf75e60;  alias, 1 drivers
v0xf485e0_0 .net "rst", 0 0, v0xf57b50_0;  alias, 1 drivers
v0xf48680_0 .var "state", 15 0;
v0xf48760_0 .net "we", 0 0, L_0xf75f70;  1 drivers
S_0xf48920 .scope module, "r7" "Nbit_reg" 4 115, 5 14 0, S_0xf37cf0;
 .timescale -9 -12;
    .port_info 0 /INPUT 16 "in";
    .port_info 1 /OUTPUT 16 "out";
    .port_info 2 /INPUT 1 "clk";
    .port_info 3 /INPUT 1 "we";
    .port_info 4 /INPUT 1 "gwe";
    .port_info 5 /INPUT 1 "rst";
P_0xf48ab0 .param/l "n" 0 5 14, +C4<00000000000000000000000000010000>;
P_0xf48af0 .param/l "r" 0 5 14, +C4<00000000000000000000000000000000>;
L_0xf76060/d .functor BUFZ 16, v0xf490f0_0, C4<0000000000000000>, C4<0000000000000000>, C4<0000000000000000>;
L_0xf76060 .delay 16 (1000,1000,1000) L_0xf76060/d;
v0xf48d40_0 .net "clk", 0 0, v0xf56f20_0;  alias, 1 drivers
v0xf48e00_0 .net "gwe", 0 0, v0xf57450_0;  alias, 1 drivers
v0xf48ec0_0 .net "in", 15 0, L_0xf6c340;  alias, 1 drivers
v0xf48f90_0 .net "out", 15 0, L_0xf76060;  alias, 1 drivers
v0xf49050_0 .net "rst", 0 0, v0xf57b50_0;  alias, 1 drivers
v0xf490f0_0 .var "state", 15 0;
v0xf491d0_0 .net "we", 0 0, L_0xf76170;  1 drivers
    .scope S_0xf43e50;
T_1 ;
    %wait E_0xe91bb0;
    %load/vec4 v0xf44320_0;
    %load/vec4 v0xf44560_0;
    %and;
    %flag_set/vec4 8;
    %jmp/0xz  T_1.0, 8;
    %pushi/vec4 0, 0, 16;
    %store/vec4 v0xf44620_0, 0, 16;
    %jmp T_1.1;
T_1.0 ;
    %load/vec4 v0xf44320_0;
    %load/vec4 v0xf44700_0;
    %and;
    %flag_set/vec4 8;
    %jmp/0xz  T_1.2, 8;
    %load/vec4 v0xf443e0_0;
    %store/vec4 v0xf44620_0, 0, 16;
T_1.2 ;
T_1.1 ;
    %jmp T_1;
    .thread T_1;
    .scope S_0xf44880;
T_2 ;
    %wait E_0xe91bb0;
    %load/vec4 v0xf44d80_0;
    %load/vec4 v0xf44f60_0;
    %and;
    %flag_set/vec4 8;
    %jmp/0xz  T_2.0, 8;
    %pushi/vec4 0, 0, 16;
    %store/vec4 v0xf45000_0, 0, 16;
    %jmp T_2.1;
T_2.0 ;
    %load/vec4 v0xf44d80_0;
    %load/vec4 v0xf450c0_0;
    %and;
    %flag_set/vec4 8;
    %jmp/0xz  T_2.2, 8;
    %load/vec4 v0xf44e20_0;
    %store/vec4 v0xf45000_0, 0, 16;
T_2.2 ;
T_2.1 ;
    %jmp T_2;
    .thread T_2;
    .scope S_0xf45240;
T_3 ;
    %wait E_0xe91bb0;
    %load/vec4 v0xf45790_0;
    %load/vec4 v0xf45a00_0;
    %and;
    %flag_set/vec4 8;
    %jmp/0xz  T_3.0, 8;
    %pushi/vec4 0, 0, 16;
    %store/vec4 v0xf45af0_0, 0, 16;
    %jmp T_3.1;
T_3.0 ;
    %load/vec4 v0xf45790_0;
    %load/vec4 v0xf45bd0_0;
    %and;
    %flag_set/vec4 8;
    %jmp/0xz  T_3.2, 8;
    %load/vec4 v0xf458a0_0;
    %store/vec4 v0xf45af0_0, 0, 16;
T_3.2 ;
T_3.1 ;
    %jmp T_3;
    .thread T_3;
    .scope S_0xf45d50;
T_4 ;
    %wait E_0xe91bb0;
    %load/vec4 v0xf46250_0;
    %load/vec4 v0xf46470_0;
    %and;
    %flag_set/vec4 8;
    %jmp/0xz  T_4.0, 8;
    %pushi/vec4 0, 0, 16;
    %store/vec4 v0xf46510_0, 0, 16;
    %jmp T_4.1;
T_4.0 ;
    %load/vec4 v0xf46250_0;
    %load/vec4 v0xf465f0_0;
    %and;
    %flag_set/vec4 8;
    %jmp/0xz  T_4.2, 8;
    %load/vec4 v0xf46310_0;
    %store/vec4 v0xf46510_0, 0, 16;
T_4.2 ;
T_4.1 ;
    %jmp T_4;
    .thread T_4;
    .scope S_0xf46770;
T_5 ;
    %wait E_0xe91bb0;
    %load/vec4 v0xf46d00_0;
    %load/vec4 v0xf47070_0;
    %and;
    %flag_set/vec4 8;
    %jmp/0xz  T_5.0, 8;
    %pushi/vec4 0, 0, 16;
    %store/vec4 v0xf471a0_0, 0, 16;
    %jmp T_5.1;
T_5.0 ;
    %load/vec4 v0xf46d00_0;
    %load/vec4 v0xf47280_0;
    %and;
    %flag_set/vec4 8;
    %jmp/0xz  T_5.2, 8;
    %load/vec4 v0xf46e50_0;
    %store/vec4 v0xf471a0_0, 0, 16;
T_5.2 ;
T_5.1 ;
    %jmp T_5;
    .thread T_5;
    .scope S_0xf47440;
T_6 ;
    %wait E_0xe91bb0;
    %load/vec4 v0xf47920_0;
    %load/vec4 v0xf47b70_0;
    %and;
    %flag_set/vec4 8;
    %jmp/0xz  T_6.0, 8;
    %pushi/vec4 0, 0, 16;
    %store/vec4 v0xf47c10_0, 0, 16;
    %jmp T_6.1;
T_6.0 ;
    %load/vec4 v0xf47920_0;
    %load/vec4 v0xf47cf0_0;
    %and;
    %flag_set/vec4 8;
    %jmp/0xz  T_6.2, 8;
    %load/vec4 v0xf479e0_0;
    %store/vec4 v0xf47c10_0, 0, 16;
T_6.2 ;
T_6.1 ;
    %jmp T_6;
    .thread T_6;
    .scope S_0xf47eb0;
T_7 ;
    %wait E_0xe91bb0;
    %load/vec4 v0xf48390_0;
    %load/vec4 v0xf485e0_0;
    %and;
    %flag_set/vec4 8;
    %jmp/0xz  T_7.0, 8;
    %pushi/vec4 0, 0, 16;
    %store/vec4 v0xf48680_0, 0, 16;
    %jmp T_7.1;
T_7.0 ;
    %load/vec4 v0xf48390_0;
    %load/vec4 v0xf48760_0;
    %and;
    %flag_set/vec4 8;
    %jmp/0xz  T_7.2, 8;
    %load/vec4 v0xf48450_0;
    %store/vec4 v0xf48680_0, 0, 16;
T_7.2 ;
T_7.1 ;
    %jmp T_7;
    .thread T_7;
    .scope S_0xf48920;
T_8 ;
    %wait E_0xe91bb0;
    %load/vec4 v0xf48e00_0;
    %load/vec4 v0xf49050_0;
    %and;
    %flag_set/vec4 8;
    %jmp/0xz  T_8.0, 8;
    %pushi/vec4 0, 0, 16;
    %store/vec4 v0xf490f0_0, 0, 16;
    %jmp T_8.1;
T_8.0 ;
    %load/vec4 v0xf48e00_0;
    %load/vec4 v0xf491d0_0;
    %and;
    %flag_set/vec4 8;
    %jmp/0xz  T_8.2, 8;
    %load/vec4 v0xf48ec0_0;
    %store/vec4 v0xf490f0_0, 0, 16;
T_8.2 ;
T_8.1 ;
    %jmp T_8;
    .thread T_8;
    .scope S_0xee1830;
T_9 ;
    %delay 5000, 0;
    %load/vec4 v0xf56f20_0;
    %inv;
    %assign/vec4 v0xf56f20_0, 0;
    %jmp T_9;
    .thread T_9;
    .scope S_0xee1830;
T_10 ;
    %pushi/vec4 0, 0, 3;
    %store/vec4 v0xf57840_0, 0, 3;
    %pushi/vec4 0, 0, 3;
    %store/vec4 v0xf57bf0_0, 0, 3;
    %pushi/vec4 0, 0, 3;
    %store/vec4 v0xf576b0_0, 0, 3;
    %pushi/vec4 0, 0, 1;
    %store/vec4 v0xf582e0_0, 0, 1;
    %pushi/vec4 0, 0, 16;
    %store/vec4 v0xf58120_0, 0, 16;
    %pushi/vec4 0, 0, 3;
    %store/vec4 v0xf578e0_0, 0, 3;
    %pushi/vec4 0, 0, 3;
    %store/vec4 v0xf57df0_0, 0, 3;
    %pushi/vec4 0, 0, 3;
    %store/vec4 v0xf57770_0, 0, 3;
    %pushi/vec4 0, 0, 1;
    %store/vec4 v0xf583b0_0, 0, 1;
    %pushi/vec4 0, 0, 16;
    %store/vec4 v0xf58210_0, 0, 16;
    %pushi/vec4 1, 0, 1;
    %store/vec4 v0xf57b50_0, 0, 1;
    %pushi/vec4 0, 0, 1;
    %store/vec4 v0xf56f20_0, 0, 1;
    %pushi/vec4 1, 0, 1;
    %store/vec4 v0xf57450_0, 0, 1;
    %pushi/vec4 0, 0, 32;
    %store/vec4 v0xf56fe0_0, 0, 32;
    %pushi/vec4 0, 0, 32;
    %store/vec4 v0xf58060_0, 0, 32;
    %pushi/vec4 0, 0, 32;
    %store/vec4 v0xf575d0_0, 0, 32;
    %vpi_func 2 104 "$fopen" 32, "test_lc4_regfile_ss.input", "r" {0 0 0};
    %store/vec4 v0xf574f0_0, 0, 32;
    %load/vec4 v0xf574f0_0;
    %cmpi/e 0, 0, 32;
    %jmp/0xz  T_10.0, 4;
    %vpi_call 2 106 "$display", "Error opening file: ", "test_lc4_regfile_ss.input" {0 0 0};
    %vpi_call 2 107 "$finish" {0 0 0};
T_10.0 ;
    %delay 100000, 0;
    %delay 5000, 0;
    %pushi/vec4 0, 0, 1;
    %store/vec4 v0xf57b50_0, 0, 1;
    %delay 2000, 0;
T_10.2 ;
    %vpi_func 2 126 "$fscanf" 32, v0xf574f0_0, "%d %d %d %b %h %h %h %d %d %d %b %h %h %h", v0xf57840_0, v0xf57bf0_0, v0xf576b0_0, v0xf582e0_0, v0xf58120_0, v0xf570c0_0, v0xf57290_0, v0xf578e0_0, v0xf57df0_0, v0xf57770_0, v0xf583b0_0, v0xf58210_0, v0xf571b0_0, v0xf57370_0 {0 0 0};
    %cmpi/e 14, 0, 32;
    %jmp/0xz T_10.3, 4;
    %delay 8000, 0;
    %load/vec4 v0xf58060_0;
    %addi 4, 0, 32;
    %store/vec4 v0xf58060_0, 0, 32;
    %load/vec4 v0xf575d0_0;
    %cmpi/ne 0, 0, 32;
    %jmp/0xz  T_10.4, 4;
    %vpi_call 2 135 "$fdisplay", v0xf575d0_0, "%d %d %d %b %h %h %h %d %d %d %b %h %h %h", v0xf57840_0, v0xf57bf0_0, v0xf576b0_0, v0xf582e0_0, v0xf58120_0, v0xf579f0_0, v0xf57f00_0, v0xf578e0_0, v0xf57df0_0, v0xf57770_0, v0xf583b0_0, v0xf58210_0, v0xf57ab0_0, v0xf57fc0_0 {0 0 0};
T_10.4 ;
    %load/vec4 v0xf579f0_0;
    %load/vec4 v0xf570c0_0;
    %cmp/ne;
    %jmp/0xz  T_10.6, 6;
    %vpi_call 2 139 "$display", "Error at test %d: Value of register %d on output rs_A should have been %h, but was %h instead", v0xf58060_0, v0xf57840_0, v0xf570c0_0, v0xf579f0_0 {0 0 0};
    %load/vec4 v0xf56fe0_0;
    %addi 1, 0, 32;
    %store/vec4 v0xf56fe0_0, 0, 32;
T_10.6 ;
    %load/vec4 v0xf57f00_0;
    %load/vec4 v0xf57290_0;
    %cmp/ne;
    %jmp/0xz  T_10.8, 6;
    %vpi_call 2 144 "$display", "Error at test %d: Value of register %d on output rt_A should have been %h, but was %h instead", v0xf58060_0, v0xf57bf0_0, v0xf57290_0, v0xf57f00_0 {0 0 0};
    %load/vec4 v0xf56fe0_0;
    %addi 1, 0, 32;
    %store/vec4 v0xf56fe0_0, 0, 32;
T_10.8 ;
    %load/vec4 v0xf57ab0_0;
    %load/vec4 v0xf571b0_0;
    %cmp/ne;
    %jmp/0xz  T_10.10, 6;
    %vpi_call 2 149 "$display", "Error at test %d: Value of register %d on output rs_B should have been %h, but was %h instead", v0xf58060_0, v0xf578e0_0, v0xf571b0_0, v0xf57ab0_0 {0 0 0};
    %load/vec4 v0xf56fe0_0;
    %addi 1, 0, 32;
    %store/vec4 v0xf56fe0_0, 0, 32;
T_10.10 ;
    %load/vec4 v0xf57fc0_0;
    %load/vec4 v0xf57370_0;
    %cmp/ne;
    %jmp/0xz  T_10.12, 6;
    %vpi_call 2 154 "$display", "Error at test %d: Value of register %d on output rt_B should have been %h, but was %h instead", v0xf58060_0, v0xf57df0_0, v0xf57370_0, v0xf57fc0_0 {0 0 0};
    %load/vec4 v0xf56fe0_0;
    %addi 1, 0, 32;
    %store/vec4 v0xf56fe0_0, 0, 32;
T_10.12 ;
    %delay 2000, 0;
    %jmp T_10.2;
T_10.3 ;
    %load/vec4 v0xf574f0_0;
    %cmpi/ne 0, 0, 32;
    %jmp/0xz  T_10.14, 4;
    %vpi_call 2 162 "$fclose", v0xf574f0_0 {0 0 0};
T_10.14 ;
    %load/vec4 v0xf575d0_0;
    %cmpi/ne 0, 0, 32;
    %jmp/0xz  T_10.16, 4;
    %vpi_call 2 163 "$fclose", v0xf575d0_0 {0 0 0};
T_10.16 ;
    %vpi_call 2 164 "$display", "Simulation finished: %d test cases %d errors [%s]", v0xf58060_0, v0xf56fe0_0, "test_lc4_regfile_ss.input" {0 0 0};
    %load/vec4 v0xf58060_0;
    %store/vec4 v0xee6510_0, 0, 32;
    %load/vec4 v0xf58060_0;
    %load/vec4 v0xf56fe0_0;
    %sub;
    %store/vec4 v0xee7580_0, 0, 32;
    %fork TD_test_regfile.printPoints, S_0xebe750;
    %join;
    %vpi_call 2 166 "$finish" {0 0 0};
    %end;
    .thread T_10;
# The file index is used to find the file name in the following table.
:file_names 6;
    "N/A";
    "<interactive>";
    "testbench_lc4_regfile_ss.v";
    "./print_points.v";
    "lc4_regfile_ss.v";
    "register.v";
