#! /home1/c/cis5710/tools/bin/vvp
:ivl_version "11.0 (stable)" "(v11_0)";
:ivl_delay_selection "TYPICAL";
:vpi_time_precision - 12;
:vpi_module "/home1/c/cis5710/tools/lib/ivl/system.vpi";
:vpi_module "/home1/c/cis5710/tools/lib/ivl/vhdl_sys.vpi";
:vpi_module "/home1/c/cis5710/tools/lib/ivl/vhdl_textio.vpi";
:vpi_module "/home1/c/cis5710/tools/lib/ivl/v2005_math.vpi";
:vpi_module "/home1/c/cis5710/tools/lib/ivl/va_math.vpi";
S_0xf006a0 .scope module, "test_regfile" "test_regfile" 2 16;
 .timescale -9 -12;
v0xf31110_0 .var "clk", 0 0;
v0xf311d0_0 .var/i "errors", 31 0;
v0xf312b0_0 .var "expectedValue1", 15 0;
v0xf313a0_0 .var "expectedValue2", 15 0;
v0xf31480_0 .var "gwe", 0 0;
v0xf31520_0 .var/i "input_file", 31 0;
v0xf31600_0 .var/i "output_file", 31 0;
v0xf316e0_0 .var "rd", 2 0;
v0xf317f0_0 .var "rs", 2 0;
v0xf318b0_0 .net "rs_data", 15 0, L_0xf45fc0;  1 drivers
v0xf319c0_0 .var "rst", 0 0;
v0xf31a60_0 .var "rt", 2 0;
v0xf31b70_0 .net "rt_data", 15 0, L_0xf47d70;  1 drivers
v0xf31c80_0 .var/i "tests", 31 0;
v0xf31d60_0 .var "wdata", 15 0;
v0xf31e20_0 .var "wen", 0 0;
S_0xefe680 .scope task, "printPoints" "printPoints" 3 1, 3 1 0, S_0xf006a0;
 .timescale -9 -12;
v0xee96b0_0 .var "actual", 31 0;
v0xee8210_0 .var "possible", 31 0;
TD_test_regfile.printPoints ;
    %vpi_call 3 4 "$display", "<scorePossible>%d</scorePossible>", v0xee8210_0 {0 0 0};
    %vpi_call 3 5 "$display", "<scoreActual>%d</scoreActual>", v0xee96b0_0 {0 0 0};
    %end;
S_0xf22eb0 .scope module, "regfile" "lc4_regfile" 2 41, 4 14 0, S_0xf006a0;
 .timescale -9 -12;
    .port_info 0 /INPUT 1 "clk";
    .port_info 1 /INPUT 1 "gwe";
    .port_info 2 /INPUT 1 "rst";
    .port_info 3 /INPUT 3 "i_rs";
    .port_info 4 /OUTPUT 16 "o_rs_data";
    .port_info 5 /INPUT 3 "i_rt";
    .port_info 6 /OUTPUT 16 "o_rt_data";
    .port_info 7 /INPUT 3 "i_rd";
    .port_info 8 /INPUT 16 "i_wdata";
    .port_info 9 /INPUT 1 "i_rd_we";
P_0xf230b0 .param/l "n" 0 4 14, +C4<00000000000000000000000000010000>;
L_0xee6c50 .functor AND 1, L_0xf32d90, v0xf31e20_0, C4<1>, C4<1>;
L_0xee4450 .functor AND 1, L_0xf32f20, v0xf31e20_0, C4<1>, C4<1>;
L_0xf060e0 .functor AND 1, L_0xf33010, v0xf31e20_0, C4<1>, C4<1>;
L_0xf33310 .functor AND 1, L_0xf33270, v0xf31e20_0, C4<1>, C4<1>;
L_0xf335d0 .functor AND 1, L_0xf33500, v0xf31e20_0, C4<1>, C4<1>;
L_0xf33920 .functor AND 1, L_0xf33810, v0xf31e20_0, C4<1>, C4<1>;
L_0xf33c90 .functor AND 1, L_0xf33bf0, v0xf31e20_0, C4<1>, C4<1>;
L_0xf34070 .functor AND 1, L_0xf33f50, v0xf31e20_0, C4<1>, C4<1>;
v0xf2f660_0 .net *"_ivl_1", 0 0, L_0xf32d90;  1 drivers
v0xf2f760_0 .net *"_ivl_13", 0 0, L_0xf33270;  1 drivers
v0xf2f840_0 .net *"_ivl_17", 0 0, L_0xf33500;  1 drivers
v0xf2f900_0 .net *"_ivl_21", 0 0, L_0xf33810;  1 drivers
v0xf2f9e0_0 .net *"_ivl_25", 0 0, L_0xf33bf0;  1 drivers
v0xf2fb10_0 .net *"_ivl_29", 0 0, L_0xf33f50;  1 drivers
v0xf2fbf0_0 .net *"_ivl_5", 0 0, L_0xf32f20;  1 drivers
v0xf2fcd0_0 .net *"_ivl_9", 0 0, L_0xf33010;  1 drivers
v0xf2fdb0_0 .net "clk", 0 0, v0xf31110_0;  1 drivers
v0xf2fe50_0 .net "gwe", 0 0, v0xf31480_0;  1 drivers
v0xf30000_0 .net "i_rd", 2 0, v0xf316e0_0;  1 drivers
v0xf300c0_0 .net "i_rd_we", 0 0, v0xf31e20_0;  1 drivers
v0xf30160_0 .net "i_rs", 2 0, v0xf317f0_0;  1 drivers
v0xf30220_0 .net "i_rt", 2 0, v0xf31a60_0;  1 drivers
v0xf302f0_0 .net "i_wdata", 15 0, v0xf31d60_0;  1 drivers
v0xf304a0_0 .net "o_rs_data", 15 0, L_0xf45fc0;  alias, 1 drivers
v0xf30590_0 .net "o_rt_data", 15 0, L_0xf47d70;  alias, 1 drivers
v0xf30770_0 .net "r0v", 15 0, L_0xee80f0;  1 drivers
v0xf30810_0 .net "r1v", 15 0, L_0xee57b0;  1 drivers
v0xf308d0_0 .net "r2v", 15 0, L_0xf05ee0;  1 drivers
v0xf30990_0 .net "r3v", 15 0, L_0xf06150;  1 drivers
v0xf30a50_0 .net "r4v", 15 0, L_0xf333b0;  1 drivers
v0xf30b10_0 .net "r5v", 15 0, L_0xf336c0;  1 drivers
v0xf30bd0_0 .net "r6v", 15 0, L_0xf33a20;  1 drivers
v0xf30c90_0 .net "r7v", 15 0, L_0xf33d80;  1 drivers
v0xf30d50_0 .net "rd_select", 7 0, L_0xf32730;  1 drivers
v0xf30e40_0 .net "rst", 0 0, v0xf319c0_0;  1 drivers
L_0xf32d90 .part L_0xf32730, 0, 1;
L_0xf32f20 .part L_0xf32730, 1, 1;
L_0xf33010 .part L_0xf32730, 2, 1;
L_0xf33270 .part L_0xf32730, 3, 1;
L_0xf33500 .part L_0xf32730, 4, 1;
L_0xf33810 .part L_0xf32730, 5, 1;
L_0xf33bf0 .part L_0xf32730, 6, 1;
L_0xf33f50 .part L_0xf32730, 7, 1;
S_0xf23250 .scope module, "m0" "decoder_3_to_8" 4 30, 4 45 0, S_0xf22eb0;
 .timescale -9 -12;
    .port_info 0 /INPUT 3 "binary_in";
    .port_info 1 /OUTPUT 8 "onehot_out";
v0xee6d70_0 .net *"_ivl_10", 0 0, L_0xf31fb0;  1 drivers
L_0x7f79866c40a8 .functor BUFT 1, C4<010>, C4<0>, C4<0>, C4<0>;
v0xee58d0_0 .net/2u *"_ivl_14", 2 0, L_0x7f79866c40a8;  1 drivers
v0xedee00_0 .net *"_ivl_16", 0 0, L_0xf32050;  1 drivers
L_0x7f79866c4018 .functor BUFT 1, C4<000>, C4<0>, C4<0>, C4<0>;
v0xf06350_0 .net/2u *"_ivl_2", 2 0, L_0x7f79866c4018;  1 drivers
L_0x7f79866c40f0 .functor BUFT 1, C4<011>, C4<0>, C4<0>, C4<0>;
v0xf063f0_0 .net/2u *"_ivl_20", 2 0, L_0x7f79866c40f0;  1 drivers
v0xf235a0_0 .net *"_ivl_22", 0 0, L_0xf32140;  1 drivers
L_0x7f79866c4138 .functor BUFT 1, C4<100>, C4<0>, C4<0>, C4<0>;
v0xf23660_0 .net/2u *"_ivl_26", 2 0, L_0x7f79866c4138;  1 drivers
v0xf23740_0 .net *"_ivl_28", 0 0, L_0xf322e0;  1 drivers
L_0x7f79866c4180 .functor BUFT 1, C4<101>, C4<0>, C4<0>, C4<0>;
v0xf23800_0 .net/2u *"_ivl_32", 2 0, L_0x7f79866c4180;  1 drivers
v0xf238e0_0 .net *"_ivl_34", 0 0, L_0xf323d0;  1 drivers
L_0x7f79866c41c8 .functor BUFT 1, C4<110>, C4<0>, C4<0>, C4<0>;
v0xf239a0_0 .net/2u *"_ivl_38", 2 0, L_0x7f79866c41c8;  1 drivers
v0xf23a80_0 .net *"_ivl_4", 0 0, L_0xf31ec0;  1 drivers
v0xf23b40_0 .net *"_ivl_40", 0 0, L_0xf32640;  1 drivers
L_0x7f79866c4210 .functor BUFT 1, C4<111>, C4<0>, C4<0>, C4<0>;
v0xf23c00_0 .net/2u *"_ivl_45", 2 0, L_0x7f79866c4210;  1 drivers
v0xf23ce0_0 .net *"_ivl_47", 0 0, L_0xf32af0;  1 drivers
L_0x7f79866c4060 .functor BUFT 1, C4<001>, C4<0>, C4<0>, C4<0>;
v0xf23da0_0 .net/2u *"_ivl_8", 2 0, L_0x7f79866c4060;  1 drivers
v0xf23e80_0 .net "binary_in", 2 0, v0xf316e0_0;  alias, 1 drivers
v0xf23f60_0 .net "onehot_out", 7 0, L_0xf32730;  alias, 1 drivers
L_0xf31ec0 .cmp/eq 3, v0xf316e0_0, L_0x7f79866c4018;
L_0xf31fb0 .cmp/eq 3, v0xf316e0_0, L_0x7f79866c4060;
L_0xf32050 .cmp/eq 3, v0xf316e0_0, L_0x7f79866c40a8;
L_0xf32140 .cmp/eq 3, v0xf316e0_0, L_0x7f79866c40f0;
L_0xf322e0 .cmp/eq 3, v0xf316e0_0, L_0x7f79866c4138;
L_0xf323d0 .cmp/eq 3, v0xf316e0_0, L_0x7f79866c4180;
L_0xf32640 .cmp/eq 3, v0xf316e0_0, L_0x7f79866c41c8;
LS_0xf32730_0_0 .concat8 [ 1 1 1 1], L_0xf31ec0, L_0xf31fb0, L_0xf32050, L_0xf32140;
LS_0xf32730_0_4 .concat8 [ 1 1 1 1], L_0xf322e0, L_0xf323d0, L_0xf32640, L_0xf32af0;
L_0xf32730 .concat8 [ 4 4 0 0], LS_0xf32730_0_0, LS_0xf32730_0_4;
L_0xf32af0 .cmp/eq 3, v0xf316e0_0, L_0x7f79866c4210;
S_0xf240a0 .scope module, "m1" "MUX81" 4 39, 4 58 0, S_0xf22eb0;
 .timescale -9 -12;
    .port_info 0 /INPUT 16 "a";
    .port_info 1 /INPUT 16 "b";
    .port_info 2 /INPUT 16 "c";
    .port_info 3 /INPUT 16 "d";
    .port_info 4 /INPUT 16 "e";
    .port_info 5 /INPUT 16 "f";
    .port_info 6 /INPUT 16 "g";
    .port_info 7 /INPUT 16 "h";
    .port_info 8 /INPUT 3 "sel";
    .port_info 9 /OUTPUT 16 "out";
L_0xf45190 .functor OR 16, L_0xf44320, L_0xf445c0, C4<0000000000000000>, C4<0000000000000000>;
L_0xf45940 .functor OR 16, L_0xf45190, L_0xf44320, C4<0000000000000000>, C4<0000000000000000>;
L_0xf45a00 .functor OR 16, L_0xf45940, L_0xf44850, C4<0000000000000000>, C4<0000000000000000>;
L_0xf45b10 .functor OR 16, L_0xf45a00, L_0xf44ac0, C4<0000000000000000>, C4<0000000000000000>;
L_0xf45c50 .functor OR 16, L_0xf45b10, L_0xf44d70, C4<0000000000000000>, C4<0000000000000000>;
L_0xf45d60 .functor OR 16, L_0xf45c50, L_0xf450f0, C4<0000000000000000>, C4<0000000000000000>;
L_0xf45eb0 .functor OR 16, L_0xf45d60, L_0xf453c0, C4<0000000000000000>, C4<0000000000000000>;
L_0xf45fc0 .functor OR 16, L_0xf45eb0, L_0xf456a0, C4<0000000000000000>, C4<0000000000000000>;
L_0x7f79866c4258 .functor BUFT 1, C4<000>, C4<0>, C4<0>, C4<0>;
v0xf24330_0 .net/2u *"_ivl_0", 2 0, L_0x7f79866c4258;  1 drivers
v0xf24410_0 .net *"_ivl_10", 0 0, L_0xf44490;  1 drivers
L_0x7f79866c4330 .functor BUFT 1, C4<0000000000000000>, C4<0>, C4<0>, C4<0>;
v0xf244d0_0 .net/2u *"_ivl_12", 15 0, L_0x7f79866c4330;  1 drivers
L_0x7f79866c4378 .functor BUFT 1, C4<010>, C4<0>, C4<0>, C4<0>;
v0xf24590_0 .net/2u *"_ivl_16", 2 0, L_0x7f79866c4378;  1 drivers
v0xf24670_0 .net *"_ivl_18", 0 0, L_0xf44760;  1 drivers
v0xf24780_0 .net *"_ivl_2", 0 0, L_0xf34240;  1 drivers
L_0x7f79866c43c0 .functor BUFT 1, C4<0000000000000000>, C4<0>, C4<0>, C4<0>;
v0xf24840_0 .net/2u *"_ivl_20", 15 0, L_0x7f79866c43c0;  1 drivers
L_0x7f79866c4408 .functor BUFT 1, C4<011>, C4<0>, C4<0>, C4<0>;
v0xf24920_0 .net/2u *"_ivl_24", 2 0, L_0x7f79866c4408;  1 drivers
v0xf24a00_0 .net *"_ivl_26", 0 0, L_0xf449d0;  1 drivers
L_0x7f79866c4450 .functor BUFT 1, C4<0000000000000000>, C4<0>, C4<0>, C4<0>;
v0xf24ac0_0 .net/2u *"_ivl_28", 15 0, L_0x7f79866c4450;  1 drivers
L_0x7f79866c4498 .functor BUFT 1, C4<100>, C4<0>, C4<0>, C4<0>;
v0xf24ba0_0 .net/2u *"_ivl_32", 2 0, L_0x7f79866c4498;  1 drivers
v0xf24c80_0 .net *"_ivl_34", 0 0, L_0xf44c80;  1 drivers
L_0x7f79866c44e0 .functor BUFT 1, C4<0000000000000000>, C4<0>, C4<0>, C4<0>;
v0xf24d40_0 .net/2u *"_ivl_36", 15 0, L_0x7f79866c44e0;  1 drivers
L_0x7f79866c42a0 .functor BUFT 1, C4<0000000000000000>, C4<0>, C4<0>, C4<0>;
v0xf24e20_0 .net/2u *"_ivl_4", 15 0, L_0x7f79866c42a0;  1 drivers
L_0x7f79866c4528 .functor BUFT 1, C4<101>, C4<0>, C4<0>, C4<0>;
v0xf24f00_0 .net/2u *"_ivl_40", 2 0, L_0x7f79866c4528;  1 drivers
v0xf24fe0_0 .net *"_ivl_42", 0 0, L_0xf44ef0;  1 drivers
L_0x7f79866c4570 .functor BUFT 1, C4<0000000000000000>, C4<0>, C4<0>, C4<0>;
v0xf250a0_0 .net/2u *"_ivl_44", 15 0, L_0x7f79866c4570;  1 drivers
L_0x7f79866c45b8 .functor BUFT 1, C4<110>, C4<0>, C4<0>, C4<0>;
v0xf25180_0 .net/2u *"_ivl_48", 2 0, L_0x7f79866c45b8;  1 drivers
v0xf25260_0 .net *"_ivl_50", 0 0, L_0xf452d0;  1 drivers
L_0x7f79866c4600 .functor BUFT 1, C4<0000000000000000>, C4<0>, C4<0>, C4<0>;
v0xf25320_0 .net/2u *"_ivl_52", 15 0, L_0x7f79866c4600;  1 drivers
L_0x7f79866c4648 .functor BUFT 1, C4<111>, C4<0>, C4<0>, C4<0>;
v0xf25400_0 .net/2u *"_ivl_56", 2 0, L_0x7f79866c4648;  1 drivers
v0xf254e0_0 .net *"_ivl_58", 0 0, L_0xf455b0;  1 drivers
L_0x7f79866c4690 .functor BUFT 1, C4<0000000000000000>, C4<0>, C4<0>, C4<0>;
v0xf255a0_0 .net/2u *"_ivl_60", 15 0, L_0x7f79866c4690;  1 drivers
v0xf25680_0 .net *"_ivl_64", 15 0, L_0xf45190;  1 drivers
v0xf25760_0 .net *"_ivl_66", 15 0, L_0xf45940;  1 drivers
v0xf25840_0 .net *"_ivl_68", 15 0, L_0xf45a00;  1 drivers
v0xf25920_0 .net *"_ivl_70", 15 0, L_0xf45b10;  1 drivers
v0xf25a00_0 .net *"_ivl_72", 15 0, L_0xf45c50;  1 drivers
v0xf25ae0_0 .net *"_ivl_74", 15 0, L_0xf45d60;  1 drivers
v0xf25bc0_0 .net *"_ivl_76", 15 0, L_0xf45eb0;  1 drivers
L_0x7f79866c42e8 .functor BUFT 1, C4<001>, C4<0>, C4<0>, C4<0>;
v0xf25ca0_0 .net/2u *"_ivl_8", 2 0, L_0x7f79866c42e8;  1 drivers
v0xf25d80_0 .net "a", 15 0, L_0xee80f0;  alias, 1 drivers
v0xf25e60_0 .net "b", 15 0, L_0xee57b0;  alias, 1 drivers
v0xf26150_0 .net "c", 15 0, L_0xf05ee0;  alias, 1 drivers
v0xf26230_0 .net "d", 15 0, L_0xf06150;  alias, 1 drivers
v0xf26310_0 .net "e", 15 0, L_0xf333b0;  alias, 1 drivers
v0xf263f0_0 .net "f", 15 0, L_0xf336c0;  alias, 1 drivers
v0xf264d0_0 .net "g", 15 0, L_0xf33a20;  alias, 1 drivers
v0xf265b0_0 .net "h", 15 0, L_0xf33d80;  alias, 1 drivers
v0xf26690_0 .net "out", 15 0, L_0xf45fc0;  alias, 1 drivers
v0xf26770_0 .net "out0", 15 0, L_0xf44320;  1 drivers
v0xf26850_0 .net "out1", 15 0, L_0xf445c0;  1 drivers
v0xf26930_0 .net "out2", 15 0, L_0xf44850;  1 drivers
v0xf26a10_0 .net "out3", 15 0, L_0xf44ac0;  1 drivers
v0xf26af0_0 .net "out4", 15 0, L_0xf44d70;  1 drivers
v0xf26bd0_0 .net "out5", 15 0, L_0xf450f0;  1 drivers
v0xf26cb0_0 .net "out6", 15 0, L_0xf453c0;  1 drivers
v0xf26d90_0 .net "out7", 15 0, L_0xf456a0;  1 drivers
v0xf26e70_0 .net "sel", 2 0, v0xf317f0_0;  alias, 1 drivers
L_0xf34240 .cmp/eq 3, v0xf317f0_0, L_0x7f79866c4258;
L_0xf44320 .functor MUXZ 16, L_0x7f79866c42a0, L_0xee80f0, L_0xf34240, C4<>;
L_0xf44490 .cmp/eq 3, v0xf317f0_0, L_0x7f79866c42e8;
L_0xf445c0 .functor MUXZ 16, L_0x7f79866c4330, L_0xee57b0, L_0xf44490, C4<>;
L_0xf44760 .cmp/eq 3, v0xf317f0_0, L_0x7f79866c4378;
L_0xf44850 .functor MUXZ 16, L_0x7f79866c43c0, L_0xf05ee0, L_0xf44760, C4<>;
L_0xf449d0 .cmp/eq 3, v0xf317f0_0, L_0x7f79866c4408;
L_0xf44ac0 .functor MUXZ 16, L_0x7f79866c4450, L_0xf06150, L_0xf449d0, C4<>;
L_0xf44c80 .cmp/eq 3, v0xf317f0_0, L_0x7f79866c4498;
L_0xf44d70 .functor MUXZ 16, L_0x7f79866c44e0, L_0xf333b0, L_0xf44c80, C4<>;
L_0xf44ef0 .cmp/eq 3, v0xf317f0_0, L_0x7f79866c4528;
L_0xf450f0 .functor MUXZ 16, L_0x7f79866c4570, L_0xf336c0, L_0xf44ef0, C4<>;
L_0xf452d0 .cmp/eq 3, v0xf317f0_0, L_0x7f79866c45b8;
L_0xf453c0 .functor MUXZ 16, L_0x7f79866c4600, L_0xf33a20, L_0xf452d0, C4<>;
L_0xf455b0 .cmp/eq 3, v0xf317f0_0, L_0x7f79866c4648;
L_0xf456a0 .functor MUXZ 16, L_0x7f79866c4690, L_0xf33d80, L_0xf455b0, C4<>;
S_0xf270f0 .scope module, "m2" "MUX81" 4 40, 4 58 0, S_0xf22eb0;
 .timescale -9 -12;
    .port_info 0 /INPUT 16 "a";
    .port_info 1 /INPUT 16 "b";
    .port_info 2 /INPUT 16 "c";
    .port_info 3 /INPUT 16 "d";
    .port_info 4 /INPUT 16 "e";
    .port_info 5 /INPUT 16 "f";
    .port_info 6 /INPUT 16 "g";
    .port_info 7 /INPUT 16 "h";
    .port_info 8 /INPUT 3 "sel";
    .port_info 9 /OUTPUT 16 "out";
L_0xf47000 .functor OR 16, L_0xf46210, L_0xf463f0, C4<0000000000000000>, C4<0000000000000000>;
L_0xf47720 .functor OR 16, L_0xf47000, L_0xf46210, C4<0000000000000000>, C4<0000000000000000>;
L_0xf477e0 .functor OR 16, L_0xf47720, L_0xf46620, C4<0000000000000000>, C4<0000000000000000>;
L_0xf478f0 .functor OR 16, L_0xf477e0, L_0xf46890, C4<0000000000000000>, C4<0000000000000000>;
L_0xf47a00 .functor OR 16, L_0xf478f0, L_0xf46d20, C4<0000000000000000>, C4<0000000000000000>;
L_0xf47b10 .functor OR 16, L_0xf47a00, L_0xf46f60, C4<0000000000000000>, C4<0000000000000000>;
L_0xf47c60 .functor OR 16, L_0xf47b10, L_0xf47200, C4<0000000000000000>, C4<0000000000000000>;
L_0xf47d70 .functor OR 16, L_0xf47c60, L_0xf474b0, C4<0000000000000000>, C4<0000000000000000>;
L_0x7f79866c46d8 .functor BUFT 1, C4<000>, C4<0>, C4<0>, C4<0>;
v0xf27380_0 .net/2u *"_ivl_0", 2 0, L_0x7f79866c46d8;  1 drivers
v0xf27460_0 .net *"_ivl_10", 0 0, L_0xf46350;  1 drivers
L_0x7f79866c47b0 .functor BUFT 1, C4<0000000000000000>, C4<0>, C4<0>, C4<0>;
v0xf27520_0 .net/2u *"_ivl_12", 15 0, L_0x7f79866c47b0;  1 drivers
L_0x7f79866c47f8 .functor BUFT 1, C4<010>, C4<0>, C4<0>, C4<0>;
v0xf275e0_0 .net/2u *"_ivl_16", 2 0, L_0x7f79866c47f8;  1 drivers
v0xf276c0_0 .net *"_ivl_18", 0 0, L_0xf46530;  1 drivers
v0xf277d0_0 .net *"_ivl_2", 0 0, L_0xf46120;  1 drivers
L_0x7f79866c4840 .functor BUFT 1, C4<0000000000000000>, C4<0>, C4<0>, C4<0>;
v0xf27890_0 .net/2u *"_ivl_20", 15 0, L_0x7f79866c4840;  1 drivers
L_0x7f79866c4888 .functor BUFT 1, C4<011>, C4<0>, C4<0>, C4<0>;
v0xf27970_0 .net/2u *"_ivl_24", 2 0, L_0x7f79866c4888;  1 drivers
v0xf27a50_0 .net *"_ivl_26", 0 0, L_0xf467a0;  1 drivers
L_0x7f79866c48d0 .functor BUFT 1, C4<0000000000000000>, C4<0>, C4<0>, C4<0>;
v0xf27b10_0 .net/2u *"_ivl_28", 15 0, L_0x7f79866c48d0;  1 drivers
L_0x7f79866c4918 .functor BUFT 1, C4<100>, C4<0>, C4<0>, C4<0>;
v0xf27bf0_0 .net/2u *"_ivl_32", 2 0, L_0x7f79866c4918;  1 drivers
v0xf27cd0_0 .net *"_ivl_34", 0 0, L_0xf46c30;  1 drivers
L_0x7f79866c4960 .functor BUFT 1, C4<0000000000000000>, C4<0>, C4<0>, C4<0>;
v0xf27d90_0 .net/2u *"_ivl_36", 15 0, L_0x7f79866c4960;  1 drivers
L_0x7f79866c4720 .functor BUFT 1, C4<0000000000000000>, C4<0>, C4<0>, C4<0>;
v0xf27e70_0 .net/2u *"_ivl_4", 15 0, L_0x7f79866c4720;  1 drivers
L_0x7f79866c49a8 .functor BUFT 1, C4<101>, C4<0>, C4<0>, C4<0>;
v0xf27f50_0 .net/2u *"_ivl_40", 2 0, L_0x7f79866c49a8;  1 drivers
v0xf28030_0 .net *"_ivl_42", 0 0, L_0xf46e70;  1 drivers
L_0x7f79866c49f0 .functor BUFT 1, C4<0000000000000000>, C4<0>, C4<0>, C4<0>;
v0xf280f0_0 .net/2u *"_ivl_44", 15 0, L_0x7f79866c49f0;  1 drivers
L_0x7f79866c4a38 .functor BUFT 1, C4<110>, C4<0>, C4<0>, C4<0>;
v0xf281d0_0 .net/2u *"_ivl_48", 2 0, L_0x7f79866c4a38;  1 drivers
v0xf282b0_0 .net *"_ivl_50", 0 0, L_0xf47110;  1 drivers
L_0x7f79866c4a80 .functor BUFT 1, C4<0000000000000000>, C4<0>, C4<0>, C4<0>;
v0xf28370_0 .net/2u *"_ivl_52", 15 0, L_0x7f79866c4a80;  1 drivers
L_0x7f79866c4ac8 .functor BUFT 1, C4<111>, C4<0>, C4<0>, C4<0>;
v0xf28450_0 .net/2u *"_ivl_56", 2 0, L_0x7f79866c4ac8;  1 drivers
v0xf28530_0 .net *"_ivl_58", 0 0, L_0xf473c0;  1 drivers
L_0x7f79866c4b10 .functor BUFT 1, C4<0000000000000000>, C4<0>, C4<0>, C4<0>;
v0xf285f0_0 .net/2u *"_ivl_60", 15 0, L_0x7f79866c4b10;  1 drivers
v0xf286d0_0 .net *"_ivl_64", 15 0, L_0xf47000;  1 drivers
v0xf287b0_0 .net *"_ivl_66", 15 0, L_0xf47720;  1 drivers
v0xf28890_0 .net *"_ivl_68", 15 0, L_0xf477e0;  1 drivers
v0xf28970_0 .net *"_ivl_70", 15 0, L_0xf478f0;  1 drivers
v0xf28a50_0 .net *"_ivl_72", 15 0, L_0xf47a00;  1 drivers
v0xf28b30_0 .net *"_ivl_74", 15 0, L_0xf47b10;  1 drivers
v0xf28c10_0 .net *"_ivl_76", 15 0, L_0xf47c60;  1 drivers
L_0x7f79866c4768 .functor BUFT 1, C4<001>, C4<0>, C4<0>, C4<0>;
v0xf28cf0_0 .net/2u *"_ivl_8", 2 0, L_0x7f79866c4768;  1 drivers
v0xf28dd0_0 .net "a", 15 0, L_0xee80f0;  alias, 1 drivers
v0xf28e90_0 .net "b", 15 0, L_0xee57b0;  alias, 1 drivers
v0xf29140_0 .net "c", 15 0, L_0xf05ee0;  alias, 1 drivers
v0xf291e0_0 .net "d", 15 0, L_0xf06150;  alias, 1 drivers
v0xf292b0_0 .net "e", 15 0, L_0xf333b0;  alias, 1 drivers
v0xf29380_0 .net "f", 15 0, L_0xf336c0;  alias, 1 drivers
v0xf29450_0 .net "g", 15 0, L_0xf33a20;  alias, 1 drivers
v0xf29520_0 .net "h", 15 0, L_0xf33d80;  alias, 1 drivers
v0xf295f0_0 .net "out", 15 0, L_0xf47d70;  alias, 1 drivers
v0xf296b0_0 .net "out0", 15 0, L_0xf46210;  1 drivers
v0xf29790_0 .net "out1", 15 0, L_0xf463f0;  1 drivers
v0xf29870_0 .net "out2", 15 0, L_0xf46620;  1 drivers
v0xf29950_0 .net "out3", 15 0, L_0xf46890;  1 drivers
v0xf29a30_0 .net "out4", 15 0, L_0xf46d20;  1 drivers
v0xf29b10_0 .net "out5", 15 0, L_0xf46f60;  1 drivers
v0xf29bf0_0 .net "out6", 15 0, L_0xf47200;  1 drivers
v0xf29cd0_0 .net "out7", 15 0, L_0xf474b0;  1 drivers
v0xf29db0_0 .net "sel", 2 0, v0xf31a60_0;  alias, 1 drivers
L_0xf46120 .cmp/eq 3, v0xf31a60_0, L_0x7f79866c46d8;
L_0xf46210 .functor MUXZ 16, L_0x7f79866c4720, L_0xee80f0, L_0xf46120, C4<>;
L_0xf46350 .cmp/eq 3, v0xf31a60_0, L_0x7f79866c4768;
L_0xf463f0 .functor MUXZ 16, L_0x7f79866c47b0, L_0xee57b0, L_0xf46350, C4<>;
L_0xf46530 .cmp/eq 3, v0xf31a60_0, L_0x7f79866c47f8;
L_0xf46620 .functor MUXZ 16, L_0x7f79866c4840, L_0xf05ee0, L_0xf46530, C4<>;
L_0xf467a0 .cmp/eq 3, v0xf31a60_0, L_0x7f79866c4888;
L_0xf46890 .functor MUXZ 16, L_0x7f79866c48d0, L_0xf06150, L_0xf467a0, C4<>;
L_0xf46c30 .cmp/eq 3, v0xf31a60_0, L_0x7f79866c4918;
L_0xf46d20 .functor MUXZ 16, L_0x7f79866c4960, L_0xf333b0, L_0xf46c30, C4<>;
L_0xf46e70 .cmp/eq 3, v0xf31a60_0, L_0x7f79866c49a8;
L_0xf46f60 .functor MUXZ 16, L_0x7f79866c49f0, L_0xf336c0, L_0xf46e70, C4<>;
L_0xf47110 .cmp/eq 3, v0xf31a60_0, L_0x7f79866c4a38;
L_0xf47200 .functor MUXZ 16, L_0x7f79866c4a80, L_0xf33a20, L_0xf47110, C4<>;
L_0xf473c0 .cmp/eq 3, v0xf31a60_0, L_0x7f79866c4ac8;
L_0xf474b0 .functor MUXZ 16, L_0x7f79866c4b10, L_0xf33d80, L_0xf473c0, C4<>;
S_0xf2a030 .scope module, "r0" "Nbit_reg" 4 31, 5 14 0, S_0xf22eb0;
 .timescale -9 -12;
    .port_info 0 /INPUT 16 "in";
    .port_info 1 /OUTPUT 16 "out";
    .port_info 2 /INPUT 1 "clk";
    .port_info 3 /INPUT 1 "we";
    .port_info 4 /INPUT 1 "gwe";
    .port_info 5 /INPUT 1 "rst";
P_0xf00eb0 .param/l "n" 0 5 14, +C4<00000000000000000000000000010000>;
P_0xf00ef0 .param/l "r" 0 5 14, +C4<00000000000000000000000000000000>;
L_0xee80f0/d .functor BUFZ 16, v0xf2a8e0_0, C4<0000000000000000>, C4<0000000000000000>, C4<0000000000000000>;
L_0xee80f0 .delay 16 (1000,1000,1000) L_0xee80f0/d;
v0xf2a430_0 .net "clk", 0 0, v0xf31110_0;  alias, 1 drivers
v0xf2a510_0 .net "gwe", 0 0, v0xf31480_0;  alias, 1 drivers
v0xf2a5d0_0 .net "in", 15 0, v0xf31d60_0;  alias, 1 drivers
v0xf2a6c0_0 .net "out", 15 0, L_0xee80f0;  alias, 1 drivers
v0xf2a7d0_0 .net "rst", 0 0, v0xf319c0_0;  alias, 1 drivers
v0xf2a8e0_0 .var "state", 15 0;
v0xf2a9c0_0 .net "we", 0 0, L_0xee6c50;  1 drivers
E_0xeca040 .event posedge, v0xf2a430_0;
S_0xf2ab40 .scope module, "r1" "Nbit_reg" 4 32, 5 14 0, S_0xf22eb0;
 .timescale -9 -12;
    .port_info 0 /INPUT 16 "in";
    .port_info 1 /OUTPUT 16 "out";
    .port_info 2 /INPUT 1 "clk";
    .port_info 3 /INPUT 1 "we";
    .port_info 4 /INPUT 1 "gwe";
    .port_info 5 /INPUT 1 "rst";
P_0xf2a210 .param/l "n" 0 5 14, +C4<00000000000000000000000000010000>;
P_0xf2a250 .param/l "r" 0 5 14, +C4<00000000000000000000000000000000>;
L_0xee57b0/d .functor BUFZ 16, v0xf2b3b0_0, C4<0000000000000000>, C4<0000000000000000>, C4<0000000000000000>;
L_0xee57b0 .delay 16 (1000,1000,1000) L_0xee57b0/d;
v0xf2af40_0 .net "clk", 0 0, v0xf31110_0;  alias, 1 drivers
v0xf2b000_0 .net "gwe", 0 0, v0xf31480_0;  alias, 1 drivers
v0xf2b0d0_0 .net "in", 15 0, v0xf31d60_0;  alias, 1 drivers
v0xf2b1d0_0 .net "out", 15 0, L_0xee57b0;  alias, 1 drivers
v0xf2b2c0_0 .net "rst", 0 0, v0xf319c0_0;  alias, 1 drivers
v0xf2b3b0_0 .var "state", 15 0;
v0xf2b450_0 .net "we", 0 0, L_0xee4450;  1 drivers
S_0xf2b5b0 .scope module, "r2" "Nbit_reg" 4 33, 5 14 0, S_0xf22eb0;
 .timescale -9 -12;
    .port_info 0 /INPUT 16 "in";
    .port_info 1 /OUTPUT 16 "out";
    .port_info 2 /INPUT 1 "clk";
    .port_info 3 /INPUT 1 "we";
    .port_info 4 /INPUT 1 "gwe";
    .port_info 5 /INPUT 1 "rst";
P_0xf2adc0 .param/l "n" 0 5 14, +C4<00000000000000000000000000010000>;
P_0xf2ae00 .param/l "r" 0 5 14, +C4<00000000000000000000000000000000>;
L_0xf05ee0/d .functor BUFZ 16, v0xf2bed0_0, C4<0000000000000000>, C4<0000000000000000>, C4<0000000000000000>;
L_0xf05ee0 .delay 16 (1000,1000,1000) L_0xf05ee0/d;
v0xf2b990_0 .net "clk", 0 0, v0xf31110_0;  alias, 1 drivers
v0xf2baa0_0 .net "gwe", 0 0, v0xf31480_0;  alias, 1 drivers
v0xf2bbb0_0 .net "in", 15 0, v0xf31d60_0;  alias, 1 drivers
v0xf2bca0_0 .net "out", 15 0, L_0xf05ee0;  alias, 1 drivers
v0xf2bd90_0 .net "rst", 0 0, v0xf319c0_0;  alias, 1 drivers
v0xf2bed0_0 .var "state", 15 0;
v0xf2bfb0_0 .net "we", 0 0, L_0xf060e0;  1 drivers
S_0xf2c130 .scope module, "r3" "Nbit_reg" 4 34, 5 14 0, S_0xf22eb0;
 .timescale -9 -12;
    .port_info 0 /INPUT 16 "in";
    .port_info 1 /OUTPUT 16 "out";
    .port_info 2 /INPUT 1 "clk";
    .port_info 3 /INPUT 1 "we";
    .port_info 4 /INPUT 1 "gwe";
    .port_info 5 /INPUT 1 "rst";
P_0xf2b7e0 .param/l "n" 0 5 14, +C4<00000000000000000000000000010000>;
P_0xf2b820 .param/l "r" 0 5 14, +C4<00000000000000000000000000000000>;
L_0xf06150/d .functor BUFZ 16, v0xf2c8e0_0, C4<0000000000000000>, C4<0000000000000000>, C4<0000000000000000>;
L_0xf06150 .delay 16 (1000,1000,1000) L_0xf06150/d;
v0xf2c4e0_0 .net "clk", 0 0, v0xf31110_0;  alias, 1 drivers
v0xf2c5a0_0 .net "gwe", 0 0, v0xf31480_0;  alias, 1 drivers
v0xf2c660_0 .net "in", 15 0, v0xf31d60_0;  alias, 1 drivers
v0xf2c700_0 .net "out", 15 0, L_0xf06150;  alias, 1 drivers
v0xf2c7f0_0 .net "rst", 0 0, v0xf319c0_0;  alias, 1 drivers
v0xf2c8e0_0 .var "state", 15 0;
v0xf2c9c0_0 .net "we", 0 0, L_0xf33310;  1 drivers
S_0xf2cb80 .scope module, "r4" "Nbit_reg" 4 35, 5 14 0, S_0xf22eb0;
 .timescale -9 -12;
    .port_info 0 /INPUT 16 "in";
    .port_info 1 /OUTPUT 16 "out";
    .port_info 2 /INPUT 1 "clk";
    .port_info 3 /INPUT 1 "we";
    .port_info 4 /INPUT 1 "gwe";
    .port_info 5 /INPUT 1 "rst";
P_0xf2c360 .param/l "n" 0 5 14, +C4<00000000000000000000000000010000>;
P_0xf2c3a0 .param/l "r" 0 5 14, +C4<00000000000000000000000000000000>;
L_0xf333b0/d .functor BUFZ 16, v0xf2d440_0, C4<0000000000000000>, C4<0000000000000000>, C4<0000000000000000>;
L_0xf333b0 .delay 16 (1000,1000,1000) L_0xf333b0/d;
v0xf2cf30_0 .net "clk", 0 0, v0xf31110_0;  alias, 1 drivers
v0xf2cff0_0 .net "gwe", 0 0, v0xf31480_0;  alias, 1 drivers
v0xf2d140_0 .net "in", 15 0, v0xf31d60_0;  alias, 1 drivers
v0xf2d270_0 .net "out", 15 0, L_0xf333b0;  alias, 1 drivers
v0xf2d310_0 .net "rst", 0 0, v0xf319c0_0;  alias, 1 drivers
v0xf2d440_0 .var "state", 15 0;
v0xf2d520_0 .net "we", 0 0, L_0xf335d0;  1 drivers
S_0xf2d6e0 .scope module, "r5" "Nbit_reg" 4 36, 5 14 0, S_0xf22eb0;
 .timescale -9 -12;
    .port_info 0 /INPUT 16 "in";
    .port_info 1 /OUTPUT 16 "out";
    .port_info 2 /INPUT 1 "clk";
    .port_info 3 /INPUT 1 "we";
    .port_info 4 /INPUT 1 "gwe";
    .port_info 5 /INPUT 1 "rst";
P_0xf2d900 .param/l "n" 0 5 14, +C4<00000000000000000000000000010000>;
P_0xf2d940 .param/l "r" 0 5 14, +C4<00000000000000000000000000000000>;
L_0xf336c0/d .functor BUFZ 16, v0xf2dec0_0, C4<0000000000000000>, C4<0000000000000000>, C4<0000000000000000>;
L_0xf336c0 .delay 16 (1000,1000,1000) L_0xf336c0/d;
v0xf2db60_0 .net "clk", 0 0, v0xf31110_0;  alias, 1 drivers
v0xf2dc20_0 .net "gwe", 0 0, v0xf31480_0;  alias, 1 drivers
v0xf2dce0_0 .net "in", 15 0, v0xf31d60_0;  alias, 1 drivers
v0xf2dd80_0 .net "out", 15 0, L_0xf336c0;  alias, 1 drivers
v0xf2de20_0 .net "rst", 0 0, v0xf319c0_0;  alias, 1 drivers
v0xf2dec0_0 .var "state", 15 0;
v0xf2dfa0_0 .net "we", 0 0, L_0xf33920;  1 drivers
S_0xf2e160 .scope module, "r6" "Nbit_reg" 4 37, 5 14 0, S_0xf22eb0;
 .timescale -9 -12;
    .port_info 0 /INPUT 16 "in";
    .port_info 1 /OUTPUT 16 "out";
    .port_info 2 /INPUT 1 "clk";
    .port_info 3 /INPUT 1 "we";
    .port_info 4 /INPUT 1 "gwe";
    .port_info 5 /INPUT 1 "rst";
P_0xf2d9e0 .param/l "n" 0 5 14, +C4<00000000000000000000000000010000>;
P_0xf2da20 .param/l "r" 0 5 14, +C4<00000000000000000000000000000000>;
L_0xf33a20/d .functor BUFZ 16, v0xf2e940_0, C4<0000000000000000>, C4<0000000000000000>, C4<0000000000000000>;
L_0xf33a20 .delay 16 (1000,1000,1000) L_0xf33a20/d;
v0xf2e510_0 .net "clk", 0 0, v0xf31110_0;  alias, 1 drivers
v0xf2e5d0_0 .net "gwe", 0 0, v0xf31480_0;  alias, 1 drivers
v0xf2e690_0 .net "in", 15 0, v0xf31d60_0;  alias, 1 drivers
v0xf2e760_0 .net "out", 15 0, L_0xf33a20;  alias, 1 drivers
v0xf2e850_0 .net "rst", 0 0, v0xf319c0_0;  alias, 1 drivers
v0xf2e940_0 .var "state", 15 0;
v0xf2ea20_0 .net "we", 0 0, L_0xf33c90;  1 drivers
S_0xf2ebe0 .scope module, "r7" "Nbit_reg" 4 38, 5 14 0, S_0xf22eb0;
 .timescale -9 -12;
    .port_info 0 /INPUT 16 "in";
    .port_info 1 /OUTPUT 16 "out";
    .port_info 2 /INPUT 1 "clk";
    .port_info 3 /INPUT 1 "we";
    .port_info 4 /INPUT 1 "gwe";
    .port_info 5 /INPUT 1 "rst";
P_0xf2e390 .param/l "n" 0 5 14, +C4<00000000000000000000000000010000>;
P_0xf2e3d0 .param/l "r" 0 5 14, +C4<00000000000000000000000000000000>;
L_0xf33d80/d .functor BUFZ 16, v0xf2f3c0_0, C4<0000000000000000>, C4<0000000000000000>, C4<0000000000000000>;
L_0xf33d80 .delay 16 (1000,1000,1000) L_0xf33d80/d;
v0xf2ef90_0 .net "clk", 0 0, v0xf31110_0;  alias, 1 drivers
v0xf2f050_0 .net "gwe", 0 0, v0xf31480_0;  alias, 1 drivers
v0xf2f110_0 .net "in", 15 0, v0xf31d60_0;  alias, 1 drivers
v0xf2f1e0_0 .net "out", 15 0, L_0xf33d80;  alias, 1 drivers
v0xf2f2d0_0 .net "rst", 0 0, v0xf319c0_0;  alias, 1 drivers
v0xf2f3c0_0 .var "state", 15 0;
v0xf2f4a0_0 .net "we", 0 0, L_0xf34070;  1 drivers
    .scope S_0xf2a030;
T_1 ;
    %wait E_0xeca040;
    %load/vec4 v0xf2a510_0;
    %load/vec4 v0xf2a7d0_0;
    %and;
    %flag_set/vec4 8;
    %jmp/0xz  T_1.0, 8;
    %pushi/vec4 0, 0, 16;
    %store/vec4 v0xf2a8e0_0, 0, 16;
    %jmp T_1.1;
T_1.0 ;
    %load/vec4 v0xf2a510_0;
    %load/vec4 v0xf2a9c0_0;
    %and;
    %flag_set/vec4 8;
    %jmp/0xz  T_1.2, 8;
    %load/vec4 v0xf2a5d0_0;
    %store/vec4 v0xf2a8e0_0, 0, 16;
T_1.2 ;
T_1.1 ;
    %jmp T_1;
    .thread T_1;
    .scope S_0xf2ab40;
T_2 ;
    %wait E_0xeca040;
    %load/vec4 v0xf2b000_0;
    %load/vec4 v0xf2b2c0_0;
    %and;
    %flag_set/vec4 8;
    %jmp/0xz  T_2.0, 8;
    %pushi/vec4 0, 0, 16;
    %store/vec4 v0xf2b3b0_0, 0, 16;
    %jmp T_2.1;
T_2.0 ;
    %load/vec4 v0xf2b000_0;
    %load/vec4 v0xf2b450_0;
    %and;
    %flag_set/vec4 8;
    %jmp/0xz  T_2.2, 8;
    %load/vec4 v0xf2b0d0_0;
    %store/vec4 v0xf2b3b0_0, 0, 16;
T_2.2 ;
T_2.1 ;
    %jmp T_2;
    .thread T_2;
    .scope S_0xf2b5b0;
T_3 ;
    %wait E_0xeca040;
    %load/vec4 v0xf2baa0_0;
    %load/vec4 v0xf2bd90_0;
    %and;
    %flag_set/vec4 8;
    %jmp/0xz  T_3.0, 8;
    %pushi/vec4 0, 0, 16;
    %store/vec4 v0xf2bed0_0, 0, 16;
    %jmp T_3.1;
T_3.0 ;
    %load/vec4 v0xf2baa0_0;
    %load/vec4 v0xf2bfb0_0;
    %and;
    %flag_set/vec4 8;
    %jmp/0xz  T_3.2, 8;
    %load/vec4 v0xf2bbb0_0;
    %store/vec4 v0xf2bed0_0, 0, 16;
T_3.2 ;
T_3.1 ;
    %jmp T_3;
    .thread T_3;
    .scope S_0xf2c130;
T_4 ;
    %wait E_0xeca040;
    %load/vec4 v0xf2c5a0_0;
    %load/vec4 v0xf2c7f0_0;
    %and;
    %flag_set/vec4 8;
    %jmp/0xz  T_4.0, 8;
    %pushi/vec4 0, 0, 16;
    %store/vec4 v0xf2c8e0_0, 0, 16;
    %jmp T_4.1;
T_4.0 ;
    %load/vec4 v0xf2c5a0_0;
    %load/vec4 v0xf2c9c0_0;
    %and;
    %flag_set/vec4 8;
    %jmp/0xz  T_4.2, 8;
    %load/vec4 v0xf2c660_0;
    %store/vec4 v0xf2c8e0_0, 0, 16;
T_4.2 ;
T_4.1 ;
    %jmp T_4;
    .thread T_4;
    .scope S_0xf2cb80;
T_5 ;
    %wait E_0xeca040;
    %load/vec4 v0xf2cff0_0;
    %load/vec4 v0xf2d310_0;
    %and;
    %flag_set/vec4 8;
    %jmp/0xz  T_5.0, 8;
    %pushi/vec4 0, 0, 16;
    %store/vec4 v0xf2d440_0, 0, 16;
    %jmp T_5.1;
T_5.0 ;
    %load/vec4 v0xf2cff0_0;
    %load/vec4 v0xf2d520_0;
    %and;
    %flag_set/vec4 8;
    %jmp/0xz  T_5.2, 8;
    %load/vec4 v0xf2d140_0;
    %store/vec4 v0xf2d440_0, 0, 16;
T_5.2 ;
T_5.1 ;
    %jmp T_5;
    .thread T_5;
    .scope S_0xf2d6e0;
T_6 ;
    %wait E_0xeca040;
    %load/vec4 v0xf2dc20_0;
    %load/vec4 v0xf2de20_0;
    %and;
    %flag_set/vec4 8;
    %jmp/0xz  T_6.0, 8;
    %pushi/vec4 0, 0, 16;
    %store/vec4 v0xf2dec0_0, 0, 16;
    %jmp T_6.1;
T_6.0 ;
    %load/vec4 v0xf2dc20_0;
    %load/vec4 v0xf2dfa0_0;
    %and;
    %flag_set/vec4 8;
    %jmp/0xz  T_6.2, 8;
    %load/vec4 v0xf2dce0_0;
    %store/vec4 v0xf2dec0_0, 0, 16;
T_6.2 ;
T_6.1 ;
    %jmp T_6;
    .thread T_6;
    .scope S_0xf2e160;
T_7 ;
    %wait E_0xeca040;
    %load/vec4 v0xf2e5d0_0;
    %load/vec4 v0xf2e850_0;
    %and;
    %flag_set/vec4 8;
    %jmp/0xz  T_7.0, 8;
    %pushi/vec4 0, 0, 16;
    %store/vec4 v0xf2e940_0, 0, 16;
    %jmp T_7.1;
T_7.0 ;
    %load/vec4 v0xf2e5d0_0;
    %load/vec4 v0xf2ea20_0;
    %and;
    %flag_set/vec4 8;
    %jmp/0xz  T_7.2, 8;
    %load/vec4 v0xf2e690_0;
    %store/vec4 v0xf2e940_0, 0, 16;
T_7.2 ;
T_7.1 ;
    %jmp T_7;
    .thread T_7;
    .scope S_0xf2ebe0;
T_8 ;
    %wait E_0xeca040;
    %load/vec4 v0xf2f050_0;
    %load/vec4 v0xf2f2d0_0;
    %and;
    %flag_set/vec4 8;
    %jmp/0xz  T_8.0, 8;
    %pushi/vec4 0, 0, 16;
    %store/vec4 v0xf2f3c0_0, 0, 16;
    %jmp T_8.1;
T_8.0 ;
    %load/vec4 v0xf2f050_0;
    %load/vec4 v0xf2f4a0_0;
    %and;
    %flag_set/vec4 8;
    %jmp/0xz  T_8.2, 8;
    %load/vec4 v0xf2f110_0;
    %store/vec4 v0xf2f3c0_0, 0, 16;
T_8.2 ;
T_8.1 ;
    %jmp T_8;
    .thread T_8;
    .scope S_0xf006a0;
T_9 ;
    %delay 5000, 0;
    %load/vec4 v0xf31110_0;
    %inv;
    %assign/vec4 v0xf31110_0, 0;
    %jmp T_9;
    .thread T_9;
    .scope S_0xf006a0;
T_10 ;
    %pushi/vec4 0, 0, 3;
    %store/vec4 v0xf317f0_0, 0, 3;
    %pushi/vec4 0, 0, 3;
    %store/vec4 v0xf31a60_0, 0, 3;
    %pushi/vec4 0, 0, 3;
    %store/vec4 v0xf316e0_0, 0, 3;
    %pushi/vec4 0, 0, 1;
    %store/vec4 v0xf31e20_0, 0, 1;
    %pushi/vec4 1, 0, 1;
    %store/vec4 v0xf319c0_0, 0, 1;
    %pushi/vec4 0, 0, 16;
    %store/vec4 v0xf31d60_0, 0, 16;
    %pushi/vec4 0, 0, 1;
    %store/vec4 v0xf31110_0, 0, 1;
    %pushi/vec4 1, 0, 1;
    %store/vec4 v0xf31480_0, 0, 1;
    %pushi/vec4 0, 0, 32;
    %store/vec4 v0xf311d0_0, 0, 32;
    %pushi/vec4 0, 0, 32;
    %store/vec4 v0xf31c80_0, 0, 32;
    %pushi/vec4 0, 0, 32;
    %store/vec4 v0xf31600_0, 0, 32;
    %vpi_func 2 75 "$fopen" 32, "test_lc4_regfile.input", "r" {0 0 0};
    %store/vec4 v0xf31520_0, 0, 32;
    %load/vec4 v0xf31520_0;
    %cmpi/e 0, 0, 32;
    %jmp/0xz  T_10.0, 4;
    %vpi_call 2 77 "$display", "Error opening file: ", "test_lc4_regfile.input" {0 0 0};
    %vpi_call 2 78 "$finish" {0 0 0};
T_10.0 ;
    %vpi_func 2 83 "$fopen" 32, "regfile_test.output.txt", "w" {0 0 0};
    %store/vec4 v0xf31600_0, 0, 32;
    %load/vec4 v0xf31600_0;
    %cmpi/e 0, 0, 32;
    %jmp/0xz  T_10.2, 4;
    %vpi_call 2 85 "$display", "Error opening file: ", "regfile_test.output.txt" {0 0 0};
    %vpi_call 2 86 "$finish" {0 0 0};
T_10.2 ;
    %delay 100000, 0;
    %delay 5000, 0;
    %pushi/vec4 0, 0, 1;
    %store/vec4 v0xf319c0_0, 0, 1;
    %delay 2000, 0;
T_10.4 ;
    %vpi_func 2 97 "$fscanf" 32, v0xf31520_0, "%d %d %d %b %h %h %h", v0xf317f0_0, v0xf31a60_0, v0xf316e0_0, v0xf31e20_0, v0xf31d60_0, v0xf312b0_0, v0xf313a0_0 {0 0 0};
    %cmpi/e 7, 0, 32;
    %jmp/0xz T_10.5, 4;
    %delay 8000, 0;
    %load/vec4 v0xf31c80_0;
    %addi 2, 0, 32;
    %store/vec4 v0xf31c80_0, 0, 32;
    %load/vec4 v0xf31600_0;
    %cmpi/ne 0, 0, 32;
    %jmp/0xz  T_10.6, 4;
    %vpi_call 2 106 "$fdisplay", v0xf31600_0, "%d %d %d %b %h %h %h", v0xf317f0_0, v0xf31a60_0, v0xf316e0_0, v0xf31e20_0, v0xf31d60_0, v0xf318b0_0, v0xf31b70_0 {0 0 0};
T_10.6 ;
    %load/vec4 v0xf318b0_0;
    %load/vec4 v0xf312b0_0;
    %cmp/ne;
    %jmp/0xz  T_10.8, 6;
    %vpi_call 2 110 "$display", "Error at test %d: Value of register %d on output 1 should have been %h, but was %h instead", v0xf31c80_0, v0xf317f0_0, v0xf312b0_0, v0xf318b0_0 {0 0 0};
    %load/vec4 v0xf311d0_0;
    %addi 1, 0, 32;
    %store/vec4 v0xf311d0_0, 0, 32;
T_10.8 ;
    %load/vec4 v0xf31b70_0;
    %load/vec4 v0xf313a0_0;
    %cmp/ne;
    %jmp/0xz  T_10.10, 6;
    %vpi_call 2 115 "$display", "Error at test %d: Value of register %d on output 2 should have been %h, but was %h instead", v0xf31c80_0, v0xf31a60_0, v0xf313a0_0, v0xf31b70_0 {0 0 0};
    %load/vec4 v0xf311d0_0;
    %addi 1, 0, 32;
    %store/vec4 v0xf311d0_0, 0, 32;
T_10.10 ;
    %delay 2000, 0;
    %jmp T_10.4;
T_10.5 ;
    %load/vec4 v0xf31520_0;
    %cmpi/ne 0, 0, 32;
    %jmp/0xz  T_10.12, 4;
    %vpi_call 2 123 "$fclose", v0xf31520_0 {0 0 0};
T_10.12 ;
    %load/vec4 v0xf31600_0;
    %cmpi/ne 0, 0, 32;
    %jmp/0xz  T_10.14, 4;
    %vpi_call 2 124 "$fclose", v0xf31600_0 {0 0 0};
T_10.14 ;
    %vpi_call 2 125 "$display", "Simulation finished: %d test cases %d errors [%s]", v0xf31c80_0, v0xf311d0_0, "test_lc4_regfile.input" {0 0 0};
    %load/vec4 v0xf31c80_0;
    %store/vec4 v0xee8210_0, 0, 32;
    %load/vec4 v0xf31c80_0;
    %load/vec4 v0xf311d0_0;
    %sub;
    %store/vec4 v0xee96b0_0, 0, 32;
    %fork TD_test_regfile.printPoints, S_0xefe680;
    %join;
    %vpi_call 2 127 "$finish" {0 0 0};
    %end;
    .thread T_10;
# The file index is used to find the file name in the following table.
:file_names 6;
    "N/A";
    "<interactive>";
    "testbench_lc4_regfile.v";
    "./print_points.v";
    "lc4_regfile.v";
    "register.v";
